INFO: 2025/05/02 17:08:04 logger.go:45: Инициализация ETL Runner
INFO: 2025/05/02 17:08:04 logger.go:45: Запуск линейной регрессии с параметрами: дней=30, прогноз=14 дней, доверие=0.95, минR²=0.30
INFO: 2025/05/02 17:08:04 logger.go:45: Запуск процесса линейной регрессии для прогнозирования активности
INFO: 2025/05/02 17:08:04 logger.go:45: Получение данных о ежедневной активности за последние 30 дней
INFO: 2025/05/02 17:08:04 logger.go:45: Получено 38 точек данных для анализа
INFO: 2025/05/02 17:08:04 logger.go:45: Построение модели линейной регрессии
INFO: 2025/05/02 17:08:04 logger.go:45: Результаты модели: коэффициент наклона (a)=0.5108, сдвиг (b)=5.2874, R=0.9816, R²=0.9635
INFO: 2025/05/02 17:08:04 logger.go:45: Генерация прогнозов на 14 дней вперед
INFO: 2025/05/02 17:08:04 logger.go:45: Сохранение 14 прогнозов в базу данных
INFO: 2025/05/02 17:08:04 logger.go:45: Процесс линейной регрессии успешно завершен
INFO: 2025/05/02 17:08:04 logger.go:45: Завершение работы ETL Runner
INFO: 2025/05/02 17:14:11 logger.go:45: Инициализация ETL Runner
INFO: 2025/05/02 17:14:11 logger.go:45: Запуск линейной регрессии с параметрами: дней=30, прогноз=14 дней, доверие=0.95, минR²=0.30
INFO: 2025/05/02 17:14:11 logger.go:45: Запуск процесса линейной регрессии для прогнозирования активности
INFO: 2025/05/02 17:14:11 logger.go:45: Получение данных о ежедневной активности за последние 30 дней
INFO: 2025/05/02 17:14:11 logger.go:45: Получено 38 точек данных для анализа
INFO: 2025/05/02 17:14:11 logger.go:45: Построение модели линейной регрессии (все значения округляются до тысячных)
INFO: 2025/05/02 17:14:11 logger.go:45: Результаты модели: коэффициент наклона (a)=0.511, сдвиг (b)=5.287, R=0.982, R²=0.963
INFO: 2025/05/02 17:14:11 logger.go:45: Генерация прогнозов на 14 дней вперед
INFO: 2025/05/02 17:14:11 logger.go:45: Сохранение 14 прогнозов в базу данных
INFO: 2025/05/02 17:14:11 logger.go:45: Процесс линейной регрессии успешно завершен
INFO: 2025/05/02 17:14:11 logger.go:45: Завершение работы ETL Runner
