INFO: 2025/05/10 15:20:31 logger.go:45: Инициализация ETL Runner
INFO: 2025/05/10 15:20:31 logger.go:45: Запуск ETL процесса
INFO: 2025/05/10 15:20:31 logger.go:45: Начало фазы Extract (Извлечение данных)
DEBUG: 2025/05/10 15:20:31 logger.go:67: Начало извлечения данных о пользователях
DEBUG: 2025/05/10 15:20:31 logger.go:67: Извлечено 510 пользователей
DEBUG: 2025/05/10 15:20:31 logger.go:67: Начало извлечения данных о чатах
DEBUG: 2025/05/10 15:20:31 logger.go:67: Извлечено 750 чатов
DEBUG: 2025/05/10 15:20:31 logger.go:67: Начало извлечения данных о сообщениях (lastRunTime: 0001-01-01 00:00:00 +0000 UTC, lastMessageID: 0)
DEBUG: 2025/05/10 15:20:31 logger.go:67: Всего сообщений для извлечения: 25744
DEBUG: 2025/05/10 15:20:31 logger.go:67: Извлечено 750 из 25744 сообщений. Текущий lastID: 750
DEBUG: 2025/05/10 15:20:31 logger.go:67: Извлечено 1500 из 25744 сообщений. Текущий lastID: 1500
DEBUG: 2025/05/10 15:20:31 logger.go:67: Извлечено 2250 из 25744 сообщений. Текущий lastID: 2250
DEBUG: 2025/05/10 15:20:31 logger.go:67: Извлечено 3000 из 25744 сообщений. Текущий lastID: 3000
DEBUG: 2025/05/10 15:20:31 logger.go:67: Извлечено 3750 из 25744 сообщений. Текущий lastID: 3750
DEBUG: 2025/05/10 15:20:31 logger.go:67: Извлечено 4500 из 25744 сообщений. Текущий lastID: 4500
DEBUG: 2025/05/10 15:20:31 logger.go:67: Извлечено 5250 из 25744 сообщений. Текущий lastID: 5250
DEBUG: 2025/05/10 15:20:31 logger.go:67: Извлечено 6000 из 25744 сообщений. Текущий lastID: 6000
DEBUG: 2025/05/10 15:20:31 logger.go:67: Извлечено 6750 из 25744 сообщений. Текущий lastID: 6750
DEBUG: 2025/05/10 15:20:31 logger.go:67: Извлечено 7500 из 25744 сообщений. Текущий lastID: 7500
DEBUG: 2025/05/10 15:20:31 logger.go:67: Извлечено 8250 из 25744 сообщений. Текущий lastID: 8250
DEBUG: 2025/05/10 15:20:31 logger.go:67: Извлечено 9000 из 25744 сообщений. Текущий lastID: 9000
DEBUG: 2025/05/10 15:20:31 logger.go:67: Извлечено 9750 из 25744 сообщений. Текущий lastID: 9750
DEBUG: 2025/05/10 15:20:31 logger.go:67: Извлечено 10500 из 25744 сообщений. Текущий lastID: 10500
DEBUG: 2025/05/10 15:20:31 logger.go:67: Извлечено 11250 из 25744 сообщений. Текущий lastID: 11250
DEBUG: 2025/05/10 15:20:31 logger.go:67: Извлечено 12000 из 25744 сообщений. Текущий lastID: 12000
DEBUG: 2025/05/10 15:20:31 logger.go:67: Извлечено 12750 из 25744 сообщений. Текущий lastID: 12750
DEBUG: 2025/05/10 15:20:31 logger.go:67: Извлечено 13500 из 25744 сообщений. Текущий lastID: 13500
DEBUG: 2025/05/10 15:20:31 logger.go:67: Извлечено 14250 из 25744 сообщений. Текущий lastID: 14250
DEBUG: 2025/05/10 15:20:31 logger.go:67: Извлечено 15000 из 25744 сообщений. Текущий lastID: 15000
DEBUG: 2025/05/10 15:20:31 logger.go:67: Извлечено 15750 из 25744 сообщений. Текущий lastID: 15750
DEBUG: 2025/05/10 15:20:31 logger.go:67: Извлечено 16500 из 25744 сообщений. Текущий lastID: 16500
DEBUG: 2025/05/10 15:20:31 logger.go:67: Извлечено 17250 из 25744 сообщений. Текущий lastID: 17250
DEBUG: 2025/05/10 15:20:31 logger.go:67: Извлечено 18000 из 25744 сообщений. Текущий lastID: 18000
DEBUG: 2025/05/10 15:20:31 logger.go:67: Извлечено 18750 из 25744 сообщений. Текущий lastID: 18750
DEBUG: 2025/05/10 15:20:31 logger.go:67: Извлечено 19500 из 25744 сообщений. Текущий lastID: 19500
DEBUG: 2025/05/10 15:20:31 logger.go:67: Извлечено 20250 из 25744 сообщений. Текущий lastID: 20250
DEBUG: 2025/05/10 15:20:31 logger.go:67: Извлечено 21000 из 25744 сообщений. Текущий lastID: 21000
DEBUG: 2025/05/10 15:20:31 logger.go:67: Извлечено 21750 из 25744 сообщений. Текущий lastID: 21750
DEBUG: 2025/05/10 15:20:31 logger.go:67: Извлечено 22500 из 25744 сообщений. Текущий lastID: 22500
DEBUG: 2025/05/10 15:20:31 logger.go:67: Извлечено 23250 из 25744 сообщений. Текущий lastID: 23250
DEBUG: 2025/05/10 15:20:31 logger.go:67: Извлечено 24000 из 25744 сообщений. Текущий lastID: 24000
DEBUG: 2025/05/10 15:20:31 logger.go:67: Извлечено 24750 из 25744 сообщений. Текущий lastID: 24750
DEBUG: 2025/05/10 15:20:31 logger.go:67: Извлечено 25500 из 25744 сообщений. Текущий lastID: 25500
DEBUG: 2025/05/10 15:20:31 logger.go:67: Извлечено 25744 из 25744 сообщений. Текущий lastID: 25744
DEBUG: 2025/05/10 15:20:31 logger.go:67: Всего извлечено 25744 сообщений
DEBUG: 2025/05/10 15:20:31 logger.go:67: Найдено 1763 отсутствующих чатов, связанных с сообщениями. Извлекаем дополнительно.
DEBUG: 2025/05/10 15:20:31 logger.go:67: Дополнительно извлечено 1763 чатов
INFO: 2025/05/10 15:20:31 logger.go:45: Фаза Extract завершена. Длительность: 102.6095ms
INFO: 2025/05/10 15:20:31 logger.go:45: Извлечено: 25744 сообщений, 510 пользователей, 2513 чатов
INFO: 2025/05/10 15:20:31 logger.go:45: Начало фазы Transform (Преобразование данных)
INFO: 2025/05/10 15:20:31 logger.go:45: Проверка измерения времени...
DEBUG: 2025/05/10 15:20:31 logger.go:67: Проверка измерения времени...
DEBUG: 2025/05/10 15:20:31 logger.go:67: Измерение времени содержит 456 записей
INFO: 2025/05/10 15:20:31 logger.go:45: Преобразование данных пользователей...
DEBUG: 2025/05/10 15:20:31 logger.go:67: Обработка измерения пользователей...
INFO: 2025/05/10 15:20:31 logger.go:45: Обработано измерение пользователей. Трансформировано записей: 510
INFO: 2025/05/10 15:20:31 logger.go:45: Преобразование данных сообщений...
DEBUG: 2025/05/10 15:20:31 logger.go:67: Обработка фактов сообщений...
INFO: 2025/05/10 15:20:32 logger.go:45: Обработано фактов сообщений: 25744
INFO: 2025/05/10 15:20:32 logger.go:45: Преобразование данных чатов...
DEBUG: 2025/05/10 15:20:32 logger.go:67: Обработка фактов чатов...
INFO: 2025/05/10 15:20:33 logger.go:45: Обработано фактов чатов: 2513
INFO: 2025/05/10 15:20:33 logger.go:45: Формирование ежедневных агрегатов активности...
DEBUG: 2025/05/10 15:20:33 logger.go:67: Обработка ежедневной активности...
ERROR: 2025/05/10 15:20:33 logger.go:54: Ошибка при получении последнего обработанного сообщения: sql: no rows in result set. Будут обработаны все данные.
INFO: 2025/05/10 15:20:33 logger.go:45: Начало обработки данных начиная с ID сообщения: 0
INFO: 2025/05/10 15:20:33 logger.go:45: Получено сообщений: 25744, данных о регистрациях: 510
INFO: 2025/05/10 15:20:33 logger.go:45: Обработка ежедневной активности завершена. Сформировано фактов: 151
INFO: 2025/05/10 15:20:33 logger.go:45: Фаза Transform завершена. Длительность: 1.3737183s
INFO: 2025/05/10 15:20:33 logger.go:45: Начало фазы Load (Загрузка данных)
INFO: 2025/05/10 15:20:33 logger.go:45: Загрузка измерения пользователей...
INFO: 2025/05/10 15:20:33 logger.go:45: Начало загрузки данных пользователей (всего: 510)
DEBUG: 2025/05/10 15:20:33 logger.go:67: Загружено 100 из 510 пользователей...
DEBUG: 2025/05/10 15:20:33 logger.go:67: Загружено 200 из 510 пользователей...
DEBUG: 2025/05/10 15:20:33 logger.go:67: Загружено 300 из 510 пользователей...
DEBUG: 2025/05/10 15:20:33 logger.go:67: Загружено 400 из 510 пользователей...
DEBUG: 2025/05/10 15:20:33 logger.go:67: Загружено 500 из 510 пользователей...
INFO: 2025/05/10 15:20:33 logger.go:45: Загрузка данных пользователей завершена. Загружено записей: 510. Длительность: 75.3183ms
INFO: 2025/05/10 15:20:33 logger.go:45: Загрузка фактов сообщений...
INFO: 2025/05/10 15:20:33 logger.go:45: Начало загрузки фактов сообщений (всего: 25744)
DEBUG: 2025/05/10 15:20:33 logger.go:67: Загружено 100 из 25744 сообщений...
DEBUG: 2025/05/10 15:20:33 logger.go:67: Загружено 200 из 25744 сообщений...
DEBUG: 2025/05/10 15:20:33 logger.go:67: Загружено 300 из 25744 сообщений...
DEBUG: 2025/05/10 15:20:33 logger.go:67: Загружено 400 из 25744 сообщений...
DEBUG: 2025/05/10 15:20:33 logger.go:67: Загружено 500 из 25744 сообщений...
DEBUG: 2025/05/10 15:20:33 logger.go:67: Загружено 600 из 25744 сообщений...
DEBUG: 2025/05/10 15:20:33 logger.go:67: Загружено 700 из 25744 сообщений...
DEBUG: 2025/05/10 15:20:33 logger.go:67: Загружено 800 из 25744 сообщений...
DEBUG: 2025/05/10 15:20:33 logger.go:67: Загружено 900 из 25744 сообщений...
DEBUG: 2025/05/10 15:20:33 logger.go:67: Загружено 1000 из 25744 сообщений...
DEBUG: 2025/05/10 15:20:33 logger.go:67: Загружено 1100 из 25744 сообщений...
DEBUG: 2025/05/10 15:20:33 logger.go:67: Загружено 1200 из 25744 сообщений...
DEBUG: 2025/05/10 15:20:33 logger.go:67: Загружено 1300 из 25744 сообщений...
DEBUG: 2025/05/10 15:20:33 logger.go:67: Загружено 1400 из 25744 сообщений...
DEBUG: 2025/05/10 15:20:33 logger.go:67: Загружено 1500 из 25744 сообщений...
DEBUG: 2025/05/10 15:20:33 logger.go:67: Загружено 1600 из 25744 сообщений...
DEBUG: 2025/05/10 15:20:33 logger.go:67: Загружено 1700 из 25744 сообщений...
DEBUG: 2025/05/10 15:20:33 logger.go:67: Загружено 1800 из 25744 сообщений...
DEBUG: 2025/05/10 15:20:33 logger.go:67: Загружено 1900 из 25744 сообщений...
DEBUG: 2025/05/10 15:20:33 logger.go:67: Загружено 2000 из 25744 сообщений...
DEBUG: 2025/05/10 15:20:33 logger.go:67: Загружено 2100 из 25744 сообщений...
DEBUG: 2025/05/10 15:20:33 logger.go:67: Загружено 2200 из 25744 сообщений...
DEBUG: 2025/05/10 15:20:33 logger.go:67: Загружено 2300 из 25744 сообщений...
DEBUG: 2025/05/10 15:20:33 logger.go:67: Загружено 2400 из 25744 сообщений...
DEBUG: 2025/05/10 15:20:33 logger.go:67: Загружено 2500 из 25744 сообщений...
DEBUG: 2025/05/10 15:20:33 logger.go:67: Загружено 2600 из 25744 сообщений...
DEBUG: 2025/05/10 15:20:33 logger.go:67: Загружено 2700 из 25744 сообщений...
DEBUG: 2025/05/10 15:20:33 logger.go:67: Загружено 2800 из 25744 сообщений...
DEBUG: 2025/05/10 15:20:33 logger.go:67: Загружено 2900 из 25744 сообщений...
DEBUG: 2025/05/10 15:20:34 logger.go:67: Загружено 3000 из 25744 сообщений...
DEBUG: 2025/05/10 15:20:34 logger.go:67: Загружено 3100 из 25744 сообщений...
DEBUG: 2025/05/10 15:20:34 logger.go:67: Загружено 3200 из 25744 сообщений...
DEBUG: 2025/05/10 15:20:34 logger.go:67: Загружено 3300 из 25744 сообщений...
DEBUG: 2025/05/10 15:20:34 logger.go:67: Загружено 3400 из 25744 сообщений...
DEBUG: 2025/05/10 15:20:34 logger.go:67: Загружено 3500 из 25744 сообщений...
DEBUG: 2025/05/10 15:20:34 logger.go:67: Загружено 3600 из 25744 сообщений...
DEBUG: 2025/05/10 15:20:34 logger.go:67: Загружено 3700 из 25744 сообщений...
DEBUG: 2025/05/10 15:20:34 logger.go:67: Загружено 3800 из 25744 сообщений...
DEBUG: 2025/05/10 15:20:34 logger.go:67: Загружено 3900 из 25744 сообщений...
DEBUG: 2025/05/10 15:20:34 logger.go:67: Загружено 4000 из 25744 сообщений...
DEBUG: 2025/05/10 15:20:34 logger.go:67: Загружено 4100 из 25744 сообщений...
DEBUG: 2025/05/10 15:20:34 logger.go:67: Загружено 4200 из 25744 сообщений...
DEBUG: 2025/05/10 15:20:34 logger.go:67: Загружено 4300 из 25744 сообщений...
DEBUG: 2025/05/10 15:20:34 logger.go:67: Загружено 4400 из 25744 сообщений...
DEBUG: 2025/05/10 15:20:34 logger.go:67: Загружено 4500 из 25744 сообщений...
DEBUG: 2025/05/10 15:20:34 logger.go:67: Загружено 4600 из 25744 сообщений...
DEBUG: 2025/05/10 15:20:34 logger.go:67: Загружено 4700 из 25744 сообщений...
DEBUG: 2025/05/10 15:20:34 logger.go:67: Загружено 4800 из 25744 сообщений...
DEBUG: 2025/05/10 15:20:34 logger.go:67: Загружено 4900 из 25744 сообщений...
DEBUG: 2025/05/10 15:20:34 logger.go:67: Загружено 5000 из 25744 сообщений...
DEBUG: 2025/05/10 15:20:34 logger.go:67: Загружено 5100 из 25744 сообщений...
DEBUG: 2025/05/10 15:20:34 logger.go:67: Загружено 5200 из 25744 сообщений...
DEBUG: 2025/05/10 15:20:34 logger.go:67: Загружено 5300 из 25744 сообщений...
DEBUG: 2025/05/10 15:20:34 logger.go:67: Загружено 5400 из 25744 сообщений...
DEBUG: 2025/05/10 15:20:34 logger.go:67: Загружено 5500 из 25744 сообщений...
DEBUG: 2025/05/10 15:20:34 logger.go:67: Загружено 5600 из 25744 сообщений...
DEBUG: 2025/05/10 15:20:34 logger.go:67: Загружено 5700 из 25744 сообщений...
DEBUG: 2025/05/10 15:20:34 logger.go:67: Загружено 5800 из 25744 сообщений...
DEBUG: 2025/05/10 15:20:34 logger.go:67: Загружено 5900 из 25744 сообщений...
DEBUG: 2025/05/10 15:20:34 logger.go:67: Загружено 6000 из 25744 сообщений...
DEBUG: 2025/05/10 15:20:34 logger.go:67: Загружено 6100 из 25744 сообщений...
DEBUG: 2025/05/10 15:20:34 logger.go:67: Загружено 6200 из 25744 сообщений...
DEBUG: 2025/05/10 15:20:34 logger.go:67: Загружено 6300 из 25744 сообщений...
DEBUG: 2025/05/10 15:20:34 logger.go:67: Загружено 6400 из 25744 сообщений...
DEBUG: 2025/05/10 15:20:34 logger.go:67: Загружено 6500 из 25744 сообщений...
DEBUG: 2025/05/10 15:20:34 logger.go:67: Загружено 6600 из 25744 сообщений...
DEBUG: 2025/05/10 15:20:34 logger.go:67: Загружено 6700 из 25744 сообщений...
DEBUG: 2025/05/10 15:20:34 logger.go:67: Загружено 6800 из 25744 сообщений...
DEBUG: 2025/05/10 15:20:34 logger.go:67: Загружено 6900 из 25744 сообщений...
DEBUG: 2025/05/10 15:20:34 logger.go:67: Загружено 7000 из 25744 сообщений...
DEBUG: 2025/05/10 15:20:34 logger.go:67: Загружено 7100 из 25744 сообщений...
DEBUG: 2025/05/10 15:20:34 logger.go:67: Загружено 7200 из 25744 сообщений...
DEBUG: 2025/05/10 15:20:34 logger.go:67: Загружено 7300 из 25744 сообщений...
DEBUG: 2025/05/10 15:20:34 logger.go:67: Загружено 7400 из 25744 сообщений...
DEBUG: 2025/05/10 15:20:34 logger.go:67: Загружено 7500 из 25744 сообщений...
DEBUG: 2025/05/10 15:20:34 logger.go:67: Загружено 7600 из 25744 сообщений...
DEBUG: 2025/05/10 15:20:34 logger.go:67: Загружено 7700 из 25744 сообщений...
DEBUG: 2025/05/10 15:20:34 logger.go:67: Загружено 7800 из 25744 сообщений...
DEBUG: 2025/05/10 15:20:34 logger.go:67: Загружено 7900 из 25744 сообщений...
DEBUG: 2025/05/10 15:20:34 logger.go:67: Загружено 8000 из 25744 сообщений...
DEBUG: 2025/05/10 15:20:34 logger.go:67: Загружено 8100 из 25744 сообщений...
DEBUG: 2025/05/10 15:20:34 logger.go:67: Загружено 8200 из 25744 сообщений...
DEBUG: 2025/05/10 15:20:34 logger.go:67: Загружено 8300 из 25744 сообщений...
DEBUG: 2025/05/10 15:20:34 logger.go:67: Загружено 8400 из 25744 сообщений...
DEBUG: 2025/05/10 15:20:34 logger.go:67: Загружено 8500 из 25744 сообщений...
DEBUG: 2025/05/10 15:20:34 logger.go:67: Загружено 8600 из 25744 сообщений...
DEBUG: 2025/05/10 15:20:35 logger.go:67: Загружено 8700 из 25744 сообщений...
DEBUG: 2025/05/10 15:20:35 logger.go:67: Загружено 8800 из 25744 сообщений...
DEBUG: 2025/05/10 15:20:35 logger.go:67: Загружено 8900 из 25744 сообщений...
DEBUG: 2025/05/10 15:20:35 logger.go:67: Загружено 9000 из 25744 сообщений...
DEBUG: 2025/05/10 15:20:35 logger.go:67: Загружено 9100 из 25744 сообщений...
DEBUG: 2025/05/10 15:20:35 logger.go:67: Загружено 9200 из 25744 сообщений...
DEBUG: 2025/05/10 15:20:35 logger.go:67: Загружено 9300 из 25744 сообщений...
DEBUG: 2025/05/10 15:20:35 logger.go:67: Загружено 9400 из 25744 сообщений...
DEBUG: 2025/05/10 15:20:35 logger.go:67: Загружено 9500 из 25744 сообщений...
DEBUG: 2025/05/10 15:20:35 logger.go:67: Загружено 9600 из 25744 сообщений...
DEBUG: 2025/05/10 15:20:35 logger.go:67: Загружено 9700 из 25744 сообщений...
DEBUG: 2025/05/10 15:20:35 logger.go:67: Загружено 9800 из 25744 сообщений...
DEBUG: 2025/05/10 15:20:35 logger.go:67: Загружено 9900 из 25744 сообщений...
DEBUG: 2025/05/10 15:20:35 logger.go:67: Загружено 10000 из 25744 сообщений...
DEBUG: 2025/05/10 15:20:35 logger.go:67: Загружено 10100 из 25744 сообщений...
DEBUG: 2025/05/10 15:20:35 logger.go:67: Загружено 10200 из 25744 сообщений...
DEBUG: 2025/05/10 15:20:35 logger.go:67: Загружено 10300 из 25744 сообщений...
DEBUG: 2025/05/10 15:20:35 logger.go:67: Загружено 10400 из 25744 сообщений...
DEBUG: 2025/05/10 15:20:35 logger.go:67: Загружено 10500 из 25744 сообщений...
DEBUG: 2025/05/10 15:20:35 logger.go:67: Загружено 10600 из 25744 сообщений...
DEBUG: 2025/05/10 15:20:35 logger.go:67: Загружено 10700 из 25744 сообщений...
DEBUG: 2025/05/10 15:20:35 logger.go:67: Загружено 10800 из 25744 сообщений...
DEBUG: 2025/05/10 15:20:35 logger.go:67: Загружено 10900 из 25744 сообщений...
DEBUG: 2025/05/10 15:20:35 logger.go:67: Загружено 11000 из 25744 сообщений...
DEBUG: 2025/05/10 15:20:35 logger.go:67: Загружено 11100 из 25744 сообщений...
DEBUG: 2025/05/10 15:20:35 logger.go:67: Загружено 11200 из 25744 сообщений...
DEBUG: 2025/05/10 15:20:35 logger.go:67: Загружено 11300 из 25744 сообщений...
DEBUG: 2025/05/10 15:20:35 logger.go:67: Загружено 11400 из 25744 сообщений...
DEBUG: 2025/05/10 15:20:35 logger.go:67: Загружено 11500 из 25744 сообщений...
DEBUG: 2025/05/10 15:20:35 logger.go:67: Загружено 11600 из 25744 сообщений...
DEBUG: 2025/05/10 15:20:35 logger.go:67: Загружено 11700 из 25744 сообщений...
DEBUG: 2025/05/10 15:20:35 logger.go:67: Загружено 11800 из 25744 сообщений...
DEBUG: 2025/05/10 15:20:35 logger.go:67: Загружено 11900 из 25744 сообщений...
DEBUG: 2025/05/10 15:20:35 logger.go:67: Загружено 12000 из 25744 сообщений...
DEBUG: 2025/05/10 15:20:35 logger.go:67: Загружено 12100 из 25744 сообщений...
DEBUG: 2025/05/10 15:20:35 logger.go:67: Загружено 12200 из 25744 сообщений...
DEBUG: 2025/05/10 15:20:35 logger.go:67: Загружено 12300 из 25744 сообщений...
DEBUG: 2025/05/10 15:20:35 logger.go:67: Загружено 12400 из 25744 сообщений...
DEBUG: 2025/05/10 15:20:35 logger.go:67: Загружено 12500 из 25744 сообщений...
DEBUG: 2025/05/10 15:20:35 logger.go:67: Загружено 12600 из 25744 сообщений...
DEBUG: 2025/05/10 15:20:35 logger.go:67: Загружено 12700 из 25744 сообщений...
DEBUG: 2025/05/10 15:20:35 logger.go:67: Загружено 12800 из 25744 сообщений...
DEBUG: 2025/05/10 15:20:35 logger.go:67: Загружено 12900 из 25744 сообщений...
DEBUG: 2025/05/10 15:20:35 logger.go:67: Загружено 13000 из 25744 сообщений...
DEBUG: 2025/05/10 15:20:35 logger.go:67: Загружено 13100 из 25744 сообщений...
DEBUG: 2025/05/10 15:20:35 logger.go:67: Загружено 13200 из 25744 сообщений...
DEBUG: 2025/05/10 15:20:35 logger.go:67: Загружено 13300 из 25744 сообщений...
DEBUG: 2025/05/10 15:20:35 logger.go:67: Загружено 13400 из 25744 сообщений...
DEBUG: 2025/05/10 15:20:35 logger.go:67: Загружено 13500 из 25744 сообщений...
DEBUG: 2025/05/10 15:20:35 logger.go:67: Загружено 13600 из 25744 сообщений...
DEBUG: 2025/05/10 15:20:35 logger.go:67: Загружено 13700 из 25744 сообщений...
DEBUG: 2025/05/10 15:20:35 logger.go:67: Загружено 13800 из 25744 сообщений...
DEBUG: 2025/05/10 15:20:35 logger.go:67: Загружено 13900 из 25744 сообщений...
DEBUG: 2025/05/10 15:20:35 logger.go:67: Загружено 14000 из 25744 сообщений...
DEBUG: 2025/05/10 15:20:35 logger.go:67: Загружено 14100 из 25744 сообщений...
DEBUG: 2025/05/10 15:20:35 logger.go:67: Загружено 14200 из 25744 сообщений...
DEBUG: 2025/05/10 15:20:35 logger.go:67: Загружено 14300 из 25744 сообщений...
DEBUG: 2025/05/10 15:20:35 logger.go:67: Загружено 14400 из 25744 сообщений...
DEBUG: 2025/05/10 15:20:35 logger.go:67: Загружено 14500 из 25744 сообщений...
DEBUG: 2025/05/10 15:20:35 logger.go:67: Загружено 14600 из 25744 сообщений...
DEBUG: 2025/05/10 15:20:36 logger.go:67: Загружено 14700 из 25744 сообщений...
DEBUG: 2025/05/10 15:20:36 logger.go:67: Загружено 14800 из 25744 сообщений...
DEBUG: 2025/05/10 15:20:36 logger.go:67: Загружено 14900 из 25744 сообщений...
DEBUG: 2025/05/10 15:20:36 logger.go:67: Загружено 15000 из 25744 сообщений...
DEBUG: 2025/05/10 15:20:36 logger.go:67: Загружено 15100 из 25744 сообщений...
DEBUG: 2025/05/10 15:20:36 logger.go:67: Загружено 15200 из 25744 сообщений...
DEBUG: 2025/05/10 15:20:36 logger.go:67: Загружено 15300 из 25744 сообщений...
DEBUG: 2025/05/10 15:20:36 logger.go:67: Загружено 15400 из 25744 сообщений...
DEBUG: 2025/05/10 15:20:36 logger.go:67: Загружено 15500 из 25744 сообщений...
DEBUG: 2025/05/10 15:20:36 logger.go:67: Загружено 15600 из 25744 сообщений...
DEBUG: 2025/05/10 15:20:36 logger.go:67: Загружено 15700 из 25744 сообщений...
DEBUG: 2025/05/10 15:20:36 logger.go:67: Загружено 15800 из 25744 сообщений...
DEBUG: 2025/05/10 15:20:36 logger.go:67: Загружено 15900 из 25744 сообщений...
DEBUG: 2025/05/10 15:20:36 logger.go:67: Загружено 16000 из 25744 сообщений...
DEBUG: 2025/05/10 15:20:36 logger.go:67: Загружено 16100 из 25744 сообщений...
DEBUG: 2025/05/10 15:20:36 logger.go:67: Загружено 16200 из 25744 сообщений...
DEBUG: 2025/05/10 15:20:36 logger.go:67: Загружено 16300 из 25744 сообщений...
DEBUG: 2025/05/10 15:20:36 logger.go:67: Загружено 16400 из 25744 сообщений...
DEBUG: 2025/05/10 15:20:36 logger.go:67: Загружено 16500 из 25744 сообщений...
DEBUG: 2025/05/10 15:20:36 logger.go:67: Загружено 16600 из 25744 сообщений...
DEBUG: 2025/05/10 15:20:36 logger.go:67: Загружено 16700 из 25744 сообщений...
DEBUG: 2025/05/10 15:20:36 logger.go:67: Загружено 16800 из 25744 сообщений...
DEBUG: 2025/05/10 15:20:36 logger.go:67: Загружено 16900 из 25744 сообщений...
DEBUG: 2025/05/10 15:20:36 logger.go:67: Загружено 17000 из 25744 сообщений...
DEBUG: 2025/05/10 15:20:36 logger.go:67: Загружено 17100 из 25744 сообщений...
DEBUG: 2025/05/10 15:20:36 logger.go:67: Загружено 17200 из 25744 сообщений...
DEBUG: 2025/05/10 15:20:36 logger.go:67: Загружено 17300 из 25744 сообщений...
DEBUG: 2025/05/10 15:20:36 logger.go:67: Загружено 17400 из 25744 сообщений...
DEBUG: 2025/05/10 15:20:36 logger.go:67: Загружено 17500 из 25744 сообщений...
DEBUG: 2025/05/10 15:20:36 logger.go:67: Загружено 17600 из 25744 сообщений...
DEBUG: 2025/05/10 15:20:36 logger.go:67: Загружено 17700 из 25744 сообщений...
DEBUG: 2025/05/10 15:20:36 logger.go:67: Загружено 17800 из 25744 сообщений...
DEBUG: 2025/05/10 15:20:36 logger.go:67: Загружено 17900 из 25744 сообщений...
DEBUG: 2025/05/10 15:20:36 logger.go:67: Загружено 18000 из 25744 сообщений...
DEBUG: 2025/05/10 15:20:36 logger.go:67: Загружено 18100 из 25744 сообщений...
DEBUG: 2025/05/10 15:20:36 logger.go:67: Загружено 18200 из 25744 сообщений...
DEBUG: 2025/05/10 15:20:36 logger.go:67: Загружено 18300 из 25744 сообщений...
DEBUG: 2025/05/10 15:20:36 logger.go:67: Загружено 18400 из 25744 сообщений...
DEBUG: 2025/05/10 15:20:36 logger.go:67: Загружено 18500 из 25744 сообщений...
DEBUG: 2025/05/10 15:20:36 logger.go:67: Загружено 18600 из 25744 сообщений...
DEBUG: 2025/05/10 15:20:36 logger.go:67: Загружено 18700 из 25744 сообщений...
DEBUG: 2025/05/10 15:20:36 logger.go:67: Загружено 18800 из 25744 сообщений...
DEBUG: 2025/05/10 15:20:36 logger.go:67: Загружено 18900 из 25744 сообщений...
DEBUG: 2025/05/10 15:20:36 logger.go:67: Загружено 19000 из 25744 сообщений...
DEBUG: 2025/05/10 15:20:36 logger.go:67: Загружено 19100 из 25744 сообщений...
DEBUG: 2025/05/10 15:20:36 logger.go:67: Загружено 19200 из 25744 сообщений...
DEBUG: 2025/05/10 15:20:36 logger.go:67: Загружено 19300 из 25744 сообщений...
DEBUG: 2025/05/10 15:20:36 logger.go:67: Загружено 19400 из 25744 сообщений...
DEBUG: 2025/05/10 15:20:36 logger.go:67: Загружено 19500 из 25744 сообщений...
DEBUG: 2025/05/10 15:20:36 logger.go:67: Загружено 19600 из 25744 сообщений...
DEBUG: 2025/05/10 15:20:36 logger.go:67: Загружено 19700 из 25744 сообщений...
DEBUG: 2025/05/10 15:20:36 logger.go:67: Загружено 19800 из 25744 сообщений...
DEBUG: 2025/05/10 15:20:36 logger.go:67: Загружено 19900 из 25744 сообщений...
DEBUG: 2025/05/10 15:20:36 logger.go:67: Загружено 20000 из 25744 сообщений...
DEBUG: 2025/05/10 15:20:36 logger.go:67: Загружено 20100 из 25744 сообщений...
DEBUG: 2025/05/10 15:20:36 logger.go:67: Загружено 20200 из 25744 сообщений...
DEBUG: 2025/05/10 15:20:36 logger.go:67: Загружено 20300 из 25744 сообщений...
DEBUG: 2025/05/10 15:20:36 logger.go:67: Загружено 20400 из 25744 сообщений...
DEBUG: 2025/05/10 15:20:36 logger.go:67: Загружено 20500 из 25744 сообщений...
DEBUG: 2025/05/10 15:20:36 logger.go:67: Загружено 20600 из 25744 сообщений...
DEBUG: 2025/05/10 15:20:36 logger.go:67: Загружено 20700 из 25744 сообщений...
DEBUG: 2025/05/10 15:20:36 logger.go:67: Загружено 20800 из 25744 сообщений...
DEBUG: 2025/05/10 15:20:36 logger.go:67: Загружено 20900 из 25744 сообщений...
DEBUG: 2025/05/10 15:20:37 logger.go:67: Загружено 21000 из 25744 сообщений...
DEBUG: 2025/05/10 15:20:37 logger.go:67: Загружено 21100 из 25744 сообщений...
DEBUG: 2025/05/10 15:20:37 logger.go:67: Загружено 21200 из 25744 сообщений...
DEBUG: 2025/05/10 15:20:37 logger.go:67: Загружено 21300 из 25744 сообщений...
DEBUG: 2025/05/10 15:20:37 logger.go:67: Загружено 21400 из 25744 сообщений...
DEBUG: 2025/05/10 15:20:37 logger.go:67: Загружено 21500 из 25744 сообщений...
DEBUG: 2025/05/10 15:20:37 logger.go:67: Загружено 21600 из 25744 сообщений...
DEBUG: 2025/05/10 15:20:37 logger.go:67: Загружено 21700 из 25744 сообщений...
DEBUG: 2025/05/10 15:20:37 logger.go:67: Загружено 21800 из 25744 сообщений...
DEBUG: 2025/05/10 15:20:37 logger.go:67: Загружено 21900 из 25744 сообщений...
DEBUG: 2025/05/10 15:20:37 logger.go:67: Загружено 22000 из 25744 сообщений...
DEBUG: 2025/05/10 15:20:37 logger.go:67: Загружено 22100 из 25744 сообщений...
DEBUG: 2025/05/10 15:20:37 logger.go:67: Загружено 22200 из 25744 сообщений...
DEBUG: 2025/05/10 15:20:37 logger.go:67: Загружено 22300 из 25744 сообщений...
DEBUG: 2025/05/10 15:20:37 logger.go:67: Загружено 22400 из 25744 сообщений...
DEBUG: 2025/05/10 15:20:37 logger.go:67: Загружено 22500 из 25744 сообщений...
DEBUG: 2025/05/10 15:20:37 logger.go:67: Загружено 22600 из 25744 сообщений...
DEBUG: 2025/05/10 15:20:37 logger.go:67: Загружено 22700 из 25744 сообщений...
DEBUG: 2025/05/10 15:20:37 logger.go:67: Загружено 22800 из 25744 сообщений...
DEBUG: 2025/05/10 15:20:37 logger.go:67: Загружено 22900 из 25744 сообщений...
DEBUG: 2025/05/10 15:20:37 logger.go:67: Загружено 23000 из 25744 сообщений...
DEBUG: 2025/05/10 15:20:37 logger.go:67: Загружено 23100 из 25744 сообщений...
DEBUG: 2025/05/10 15:20:37 logger.go:67: Загружено 23200 из 25744 сообщений...
DEBUG: 2025/05/10 15:20:37 logger.go:67: Загружено 23300 из 25744 сообщений...
DEBUG: 2025/05/10 15:20:37 logger.go:67: Загружено 23400 из 25744 сообщений...
DEBUG: 2025/05/10 15:20:37 logger.go:67: Загружено 23500 из 25744 сообщений...
DEBUG: 2025/05/10 15:20:37 logger.go:67: Загружено 23600 из 25744 сообщений...
DEBUG: 2025/05/10 15:20:37 logger.go:67: Загружено 23700 из 25744 сообщений...
DEBUG: 2025/05/10 15:20:37 logger.go:67: Загружено 23800 из 25744 сообщений...
DEBUG: 2025/05/10 15:20:37 logger.go:67: Загружено 23900 из 25744 сообщений...
DEBUG: 2025/05/10 15:20:37 logger.go:67: Загружено 24000 из 25744 сообщений...
DEBUG: 2025/05/10 15:20:37 logger.go:67: Загружено 24100 из 25744 сообщений...
DEBUG: 2025/05/10 15:20:37 logger.go:67: Загружено 24200 из 25744 сообщений...
DEBUG: 2025/05/10 15:20:37 logger.go:67: Загружено 24300 из 25744 сообщений...
DEBUG: 2025/05/10 15:20:37 logger.go:67: Загружено 24400 из 25744 сообщений...
DEBUG: 2025/05/10 15:20:37 logger.go:67: Загружено 24500 из 25744 сообщений...
DEBUG: 2025/05/10 15:20:37 logger.go:67: Загружено 24600 из 25744 сообщений...
DEBUG: 2025/05/10 15:20:37 logger.go:67: Загружено 24700 из 25744 сообщений...
DEBUG: 2025/05/10 15:20:37 logger.go:67: Загружено 24800 из 25744 сообщений...
DEBUG: 2025/05/10 15:20:37 logger.go:67: Загружено 24900 из 25744 сообщений...
DEBUG: 2025/05/10 15:20:37 logger.go:67: Загружено 25000 из 25744 сообщений...
DEBUG: 2025/05/10 15:20:37 logger.go:67: Загружено 25100 из 25744 сообщений...
DEBUG: 2025/05/10 15:20:37 logger.go:67: Загружено 25200 из 25744 сообщений...
DEBUG: 2025/05/10 15:20:37 logger.go:67: Загружено 25300 из 25744 сообщений...
DEBUG: 2025/05/10 15:20:37 logger.go:67: Загружено 25400 из 25744 сообщений...
DEBUG: 2025/05/10 15:20:37 logger.go:67: Загружено 25500 из 25744 сообщений...
DEBUG: 2025/05/10 15:20:37 logger.go:67: Загружено 25600 из 25744 сообщений...
DEBUG: 2025/05/10 15:20:37 logger.go:67: Загружено 25700 из 25744 сообщений...
INFO: 2025/05/10 15:20:37 logger.go:45: Загрузка фактов сообщений завершена. Загружено записей: 25744. Длительность: 4.3060241s
INFO: 2025/05/10 15:20:37 logger.go:45: Загрузка фактов чатов...
INFO: 2025/05/10 15:20:37 logger.go:45: Начало загрузки фактов чатов (всего: 2513)
DEBUG: 2025/05/10 15:20:37 logger.go:67: Загружено 50 из 2513 чатов...
DEBUG: 2025/05/10 15:20:37 logger.go:67: Загружено 100 из 2513 чатов...
DEBUG: 2025/05/10 15:20:37 logger.go:67: Загружено 150 из 2513 чатов...
DEBUG: 2025/05/10 15:20:37 logger.go:67: Загружено 200 из 2513 чатов...
DEBUG: 2025/05/10 15:20:37 logger.go:67: Загружено 250 из 2513 чатов...
DEBUG: 2025/05/10 15:20:37 logger.go:67: Загружено 300 из 2513 чатов...
DEBUG: 2025/05/10 15:20:37 logger.go:67: Загружено 350 из 2513 чатов...
DEBUG: 2025/05/10 15:20:37 logger.go:67: Загружено 400 из 2513 чатов...
DEBUG: 2025/05/10 15:20:37 logger.go:67: Загружено 450 из 2513 чатов...
DEBUG: 2025/05/10 15:20:37 logger.go:67: Загружено 500 из 2513 чатов...
DEBUG: 2025/05/10 15:20:37 logger.go:67: Загружено 550 из 2513 чатов...
DEBUG: 2025/05/10 15:20:37 logger.go:67: Загружено 600 из 2513 чатов...
DEBUG: 2025/05/10 15:20:37 logger.go:67: Загружено 650 из 2513 чатов...
DEBUG: 2025/05/10 15:20:37 logger.go:67: Загружено 700 из 2513 чатов...
DEBUG: 2025/05/10 15:20:37 logger.go:67: Загружено 750 из 2513 чатов...
DEBUG: 2025/05/10 15:20:37 logger.go:67: Загружено 800 из 2513 чатов...
DEBUG: 2025/05/10 15:20:37 logger.go:67: Загружено 850 из 2513 чатов...
DEBUG: 2025/05/10 15:20:37 logger.go:67: Загружено 900 из 2513 чатов...
DEBUG: 2025/05/10 15:20:37 logger.go:67: Загружено 950 из 2513 чатов...
DEBUG: 2025/05/10 15:20:37 logger.go:67: Загружено 1000 из 2513 чатов...
DEBUG: 2025/05/10 15:20:37 logger.go:67: Загружено 1050 из 2513 чатов...
DEBUG: 2025/05/10 15:20:37 logger.go:67: Загружено 1100 из 2513 чатов...
DEBUG: 2025/05/10 15:20:37 logger.go:67: Загружено 1150 из 2513 чатов...
DEBUG: 2025/05/10 15:20:37 logger.go:67: Загружено 1200 из 2513 чатов...
DEBUG: 2025/05/10 15:20:37 logger.go:67: Загружено 1250 из 2513 чатов...
DEBUG: 2025/05/10 15:20:37 logger.go:67: Загружено 1300 из 2513 чатов...
DEBUG: 2025/05/10 15:20:37 logger.go:67: Загружено 1350 из 2513 чатов...
DEBUG: 2025/05/10 15:20:37 logger.go:67: Загружено 1400 из 2513 чатов...
DEBUG: 2025/05/10 15:20:37 logger.go:67: Загружено 1450 из 2513 чатов...
DEBUG: 2025/05/10 15:20:37 logger.go:67: Загружено 1500 из 2513 чатов...
DEBUG: 2025/05/10 15:20:37 logger.go:67: Загружено 1550 из 2513 чатов...
DEBUG: 2025/05/10 15:20:37 logger.go:67: Загружено 1600 из 2513 чатов...
DEBUG: 2025/05/10 15:20:37 logger.go:67: Загружено 1650 из 2513 чатов...
DEBUG: 2025/05/10 15:20:37 logger.go:67: Загружено 1700 из 2513 чатов...
DEBUG: 2025/05/10 15:20:38 logger.go:67: Загружено 1750 из 2513 чатов...
DEBUG: 2025/05/10 15:20:38 logger.go:67: Загружено 1800 из 2513 чатов...
DEBUG: 2025/05/10 15:20:38 logger.go:67: Загружено 1850 из 2513 чатов...
DEBUG: 2025/05/10 15:20:38 logger.go:67: Загружено 1900 из 2513 чатов...
DEBUG: 2025/05/10 15:20:38 logger.go:67: Загружено 1950 из 2513 чатов...
DEBUG: 2025/05/10 15:20:38 logger.go:67: Загружено 2000 из 2513 чатов...
DEBUG: 2025/05/10 15:20:38 logger.go:67: Загружено 2050 из 2513 чатов...
DEBUG: 2025/05/10 15:20:38 logger.go:67: Загружено 2100 из 2513 чатов...
DEBUG: 2025/05/10 15:20:38 logger.go:67: Загружено 2150 из 2513 чатов...
DEBUG: 2025/05/10 15:20:38 logger.go:67: Загружено 2200 из 2513 чатов...
DEBUG: 2025/05/10 15:20:38 logger.go:67: Загружено 2250 из 2513 чатов...
DEBUG: 2025/05/10 15:20:38 logger.go:67: Загружено 2300 из 2513 чатов...
DEBUG: 2025/05/10 15:20:38 logger.go:67: Загружено 2350 из 2513 чатов...
DEBUG: 2025/05/10 15:20:38 logger.go:67: Загружено 2400 из 2513 чатов...
DEBUG: 2025/05/10 15:20:38 logger.go:67: Загружено 2450 из 2513 чатов...
DEBUG: 2025/05/10 15:20:38 logger.go:67: Загружено 2500 из 2513 чатов...
INFO: 2025/05/10 15:20:38 logger.go:45: Загрузка фактов чатов завершена. Загружено записей: 2513. Длительность: 384.4211ms
INFO: 2025/05/10 15:20:38 logger.go:45: Загрузка фактов ежедневной активности...
INFO: 2025/05/10 15:20:38 logger.go:45: Начало загрузки фактов ежедневной активности (всего: 151)
INFO: 2025/05/10 15:20:38 logger.go:45: Загрузка фактов ежедневной активности завершена. Загружено записей: 151. Длительность: 19.8025ms
INFO: 2025/05/10 15:20:38 logger.go:45: Фаза Load завершена. Длительность: 4.7912355s
INFO: 2025/05/10 15:20:38 logger.go:45: Запуск линейной регрессии для прогнозирования трендов активности
INFO: 2025/05/10 15:20:38 logger.go:45: Запуск процесса линейной регрессии для прогнозирования активности
INFO: 2025/05/10 15:20:38 logger.go:45: Получение данных о ежедневной активности за последние 30 дней
INFO: 2025/05/10 15:20:38 logger.go:45: Получено 52 точек данных для анализа
INFO: 2025/05/10 15:20:38 logger.go:45: Построение модели линейной регрессии (все значения округляются до тысячных)
INFO: 2025/05/10 15:20:38 logger.go:45: Результаты модели: коэффициент наклона (a)=-4.574, сдвиг (b)=270.650, R=-0.897, R²=0.805
INFO: 2025/05/10 15:20:38 logger.go:45: Генерация прогнозов на 14 дней вперед
INFO: 2025/05/10 15:20:38 logger.go:45: Сохранение 14 прогнозов в базу данных
INFO: 2025/05/10 15:20:38 logger.go:45: Процесс линейной регрессии успешно завершен
INFO: 2025/05/10 15:20:38 logger.go:45: Запуск ChatRank для определения влиятельности пользователей
INFO: 2025/05/10 15:20:38 logger.go:45: Запуск процесса ChatRank
INFO: 2025/05/10 15:20:38 logger.go:45: Извлечение данных для ChatRank
INFO: 2025/05/10 15:20:38 logger.go:45: Запрос данных для расчета ChatRank
INFO: 2025/05/10 15:21:31 logger.go:45: Получено 4989 записей о сообщениях для 500 отправителей
INFO: 2025/05/10 15:21:31 logger.go:45: Вычисление весов коммуникационных связей
INFO: 2025/05/10 15:21:31 logger.go:45: Вычислено 4943 весов коммуникационных связей
INFO: 2025/05/10 15:21:31 logger.go:45: Начинаем расчет ChatRank для 500 пользователей
DEBUG: 2025/05/10 15:21:31 logger.go:67: Итерация 1, максимальная дельта: 0.151991
DEBUG: 2025/05/10 15:21:31 logger.go:67: Итерация 2, максимальная дельта: 0.298330
DEBUG: 2025/05/10 15:21:31 logger.go:67: Итерация 3, максимальная дельта: 0.223605
DEBUG: 2025/05/10 15:21:31 logger.go:67: Итерация 4, максимальная дельта: 0.199114
DEBUG: 2025/05/10 15:21:31 logger.go:67: Итерация 5, максимальная дельта: 0.166534
DEBUG: 2025/05/10 15:21:31 logger.go:67: Итерация 6, максимальная дельта: 0.142183
DEBUG: 2025/05/10 15:21:31 logger.go:67: Итерация 7, максимальная дельта: 0.120594
DEBUG: 2025/05/10 15:21:31 logger.go:67: Итерация 8, максимальная дельта: 0.102474
DEBUG: 2025/05/10 15:21:31 logger.go:67: Итерация 9, максимальная дельта: 0.087092
DEBUG: 2025/05/10 15:21:31 logger.go:67: Итерация 10, максимальная дельта: 0.073998
DEBUG: 2025/05/10 15:21:31 logger.go:67: Итерация 11, максимальная дельта: 0.062903
DEBUG: 2025/05/10 15:21:31 logger.go:67: Итерация 12, максимальная дельта: 0.053457
DEBUG: 2025/05/10 15:21:31 logger.go:67: Итерация 13, максимальная дельта: 0.045441
DEBUG: 2025/05/10 15:21:31 logger.go:67: Итерация 14, максимальная дельта: 0.038622
DEBUG: 2025/05/10 15:21:31 logger.go:67: Итерация 15, максимальная дельта: 0.032829
DEBUG: 2025/05/10 15:21:31 logger.go:67: Итерация 16, максимальная дельта: 0.027904
DEBUG: 2025/05/10 15:21:31 logger.go:67: Итерация 17, максимальная дельта: 0.023719
DEBUG: 2025/05/10 15:21:31 logger.go:67: Итерация 18, максимальная дельта: 0.020161
DEBUG: 2025/05/10 15:21:31 logger.go:67: Итерация 19, максимальная дельта: 0.017137
DEBUG: 2025/05/10 15:21:31 logger.go:67: Итерация 20, максимальная дельта: 0.014566
DEBUG: 2025/05/10 15:21:31 logger.go:67: Итерация 21, максимальная дельта: 0.012381
DEBUG: 2025/05/10 15:21:31 logger.go:67: Итерация 22, максимальная дельта: 0.010524
DEBUG: 2025/05/10 15:21:31 logger.go:67: Итерация 23, максимальная дельта: 0.008945
DEBUG: 2025/05/10 15:21:31 logger.go:67: Итерация 24, максимальная дельта: 0.007604
DEBUG: 2025/05/10 15:21:31 logger.go:67: Итерация 25, максимальная дельта: 0.006463
DEBUG: 2025/05/10 15:21:31 logger.go:67: Итерация 26, максимальная дельта: 0.005494
DEBUG: 2025/05/10 15:21:31 logger.go:67: Итерация 27, максимальная дельта: 0.004670
DEBUG: 2025/05/10 15:21:31 logger.go:67: Итерация 28, максимальная дельта: 0.003969
DEBUG: 2025/05/10 15:21:31 logger.go:67: Итерация 29, максимальная дельта: 0.003374
DEBUG: 2025/05/10 15:21:31 logger.go:67: Итерация 30, максимальная дельта: 0.002868
DEBUG: 2025/05/10 15:21:31 logger.go:67: Итерация 31, максимальная дельта: 0.002438
DEBUG: 2025/05/10 15:21:31 logger.go:67: Итерация 32, максимальная дельта: 0.002072
DEBUG: 2025/05/10 15:21:31 logger.go:67: Итерация 33, максимальная дельта: 0.001761
DEBUG: 2025/05/10 15:21:31 logger.go:67: Итерация 34, максимальная дельта: 0.001497
DEBUG: 2025/05/10 15:21:31 logger.go:67: Итерация 35, максимальная дельта: 0.001272
DEBUG: 2025/05/10 15:21:31 logger.go:67: Итерация 36, максимальная дельта: 0.001082
DEBUG: 2025/05/10 15:21:31 logger.go:67: Итерация 37, максимальная дельта: 0.000919
DEBUG: 2025/05/10 15:21:31 logger.go:67: Итерация 38, максимальная дельта: 0.000781
DEBUG: 2025/05/10 15:21:31 logger.go:67: Итерация 39, максимальная дельта: 0.000664
DEBUG: 2025/05/10 15:21:31 logger.go:67: Итерация 40, максимальная дельта: 0.000565
DEBUG: 2025/05/10 15:21:31 logger.go:67: Итерация 41, максимальная дельта: 0.000480
DEBUG: 2025/05/10 15:21:31 logger.go:67: Итерация 42, максимальная дельта: 0.000408
DEBUG: 2025/05/10 15:21:31 logger.go:67: Итерация 43, максимальная дельта: 0.000347
DEBUG: 2025/05/10 15:21:31 logger.go:67: Итерация 44, максимальная дельта: 0.000295
DEBUG: 2025/05/10 15:21:31 logger.go:67: Итерация 45, максимальная дельта: 0.000251
DEBUG: 2025/05/10 15:21:31 logger.go:67: Итерация 46, максимальная дельта: 0.000213
DEBUG: 2025/05/10 15:21:31 logger.go:67: Итерация 47, максимальная дельта: 0.000181
DEBUG: 2025/05/10 15:21:31 logger.go:67: Итерация 48, максимальная дельта: 0.000154
DEBUG: 2025/05/10 15:21:31 logger.go:67: Итерация 49, максимальная дельта: 0.000131
DEBUG: 2025/05/10 15:21:31 logger.go:67: Итерация 50, максимальная дельта: 0.000111
DEBUG: 2025/05/10 15:21:31 logger.go:67: Итерация 51, максимальная дельта: 0.000094
INFO: 2025/05/10 15:21:31 logger.go:45: Сходимость достигнута на итерации 51, дельта: 0.000094
INFO: 2025/05/10 15:21:31 logger.go:45: Расчет ChatRank завершен за 51 итераций
INFO: 2025/05/10 15:21:31 logger.go:45: Сохранено 500 рангов пользователей
INFO: 2025/05/10 15:21:31 logger.go:45: Сохранено 4943 весов коммуникационных связей
INFO: 2025/05/10 15:21:31 logger.go:45: ChatRank успешно выполнен. Результаты сохранены.
INFO: 2025/05/10 15:21:31 logger.go:45: Процесс ChatRank успешно завершен. Время выполнения: 53.8242839s
INFO: 2025/05/10 15:21:31 logger.go:45: ETL процесс успешно завершен. Длительность: 1m0.1101312s
INFO: 2025/05/10 15:21:31 logger.go:45: Завершение работы ETL Runner
