INFO: 2025/04/30 16:50:19 logger.go:45: Инициализация ETL Runner
INFO: 2025/04/30 16:50:19 logger.go:45: Запуск планировщика ETL с интервалом 1h0m0s
INFO: 2025/04/30 16:50:19 logger.go:45: Запланированный запуск ETL процесса
INFO: 2025/04/30 16:50:19 logger.go:45: Запуск ETL процесса
INFO: 2025/04/30 16:50:19 logger.go:45: Начало фазы Extract (Извлечение данных)
DEBUG: 2025/04/30 16:50:19 logger.go:67: Начало извлечения данных о пользователях
DEBUG: 2025/04/30 16:50:19 logger.go:67: Извлечено 2 пользователей
DEBUG: 2025/04/30 16:50:19 logger.go:67: Начало извлечения данных о чатах
DEBUG: 2025/04/30 16:50:19 logger.go:67: Извлечено 3 чатов
DEBUG: 2025/04/30 16:50:19 logger.go:67: Начало извлечения данных о сообщениях (lastRunTime: 0001-01-01 00:00:00 +0000 UTC, lastMessageID: 0)
DEBUG: 2025/04/30 16:50:19 logger.go:67: Извлечено 341 сообщений
INFO: 2025/04/30 16:50:19 logger.go:45: Фаза Extract завершена. Длительность: 7.0124ms
INFO: 2025/04/30 16:50:19 logger.go:45: Извлечено: 341 сообщений, 2 пользователей, 3 чатов
INFO: 2025/04/30 16:50:19 logger.go:45: Начало фазы Transform (Преобразование данных)
INFO: 2025/04/30 16:50:19 logger.go:45: Проверка измерения времени...
DEBUG: 2025/04/30 16:50:19 logger.go:67: Проверка измерения времени...
DEBUG: 2025/04/30 16:50:19 logger.go:67: Измерение времени содержит 8760 записей
INFO: 2025/04/30 16:50:19 logger.go:45: Преобразование данных пользователей...
DEBUG: 2025/04/30 16:50:19 logger.go:67: Обработка измерения пользователей...
INFO: 2025/04/30 16:50:19 logger.go:45: Обработано измерение пользователей. Трансформировано записей: 2
INFO: 2025/04/30 16:50:19 logger.go:45: Преобразование данных сообщений...
DEBUG: 2025/04/30 16:50:19 logger.go:67: Обработка фактов сообщений...
INFO: 2025/04/30 16:50:19 logger.go:45: Обработано фактов сообщений: 341
INFO: 2025/04/30 16:50:19 logger.go:45: Преобразование данных чатов...
DEBUG: 2025/04/30 16:50:19 logger.go:67: Обработка фактов чатов...
INFO: 2025/04/30 16:50:19 logger.go:45: Обработано фактов чатов: 3
INFO: 2025/04/30 16:50:19 logger.go:45: Формирование ежедневных агрегатов активности...
DEBUG: 2025/04/30 16:50:19 logger.go:67: Обработка ежедневной активности...
INFO: 2025/04/30 16:50:19 logger.go:45: Обработка ежедневной активности завершена. Сформировано фактов: 29
INFO: 2025/04/30 16:50:19 logger.go:45: Формирование почасовых агрегатов активности...
DEBUG: 2025/04/30 16:50:19 logger.go:67: Обработка почасовой активности...
INFO: 2025/04/30 16:50:19 logger.go:45: Обработка почасовой активности завершена. Сформировано фактов: 55
INFO: 2025/04/30 16:50:19 logger.go:45: Фаза Transform завершена. Длительность: 117.2229ms
INFO: 2025/04/30 16:50:19 logger.go:45: Начало фазы Load (Загрузка данных)
INFO: 2025/04/30 16:50:19 logger.go:45: Загрузка измерения пользователей...
INFO: 2025/04/30 16:50:19 logger.go:45: Начало загрузки данных пользователей (всего: 2)
INFO: 2025/04/30 16:50:19 logger.go:45: Загрузка данных пользователей завершена. Загружено записей: 2. Длительность: 1.877ms
INFO: 2025/04/30 16:50:19 logger.go:45: Загрузка фактов сообщений...
INFO: 2025/04/30 16:50:19 logger.go:45: Начало загрузки фактов сообщений (всего: 341)
DEBUG: 2025/04/30 16:50:19 logger.go:67: Загружено 100 из 341 сообщений...
DEBUG: 2025/04/30 16:50:19 logger.go:67: Загружено 200 из 341 сообщений...
DEBUG: 2025/04/30 16:50:19 logger.go:67: Загружено 300 из 341 сообщений...
INFO: 2025/04/30 16:50:19 logger.go:45: Загрузка фактов сообщений завершена. Загружено записей: 341. Длительность: 63.5025ms
INFO: 2025/04/30 16:50:19 logger.go:45: Загрузка фактов чатов...
INFO: 2025/04/30 16:50:19 logger.go:45: Начало загрузки фактов чатов (всего: 3)
INFO: 2025/04/30 16:50:19 logger.go:45: Загрузка фактов чатов завершена. Загружено записей: 3. Длительность: 2.2185ms
INFO: 2025/04/30 16:50:19 logger.go:45: Загрузка фактов ежедневной активности...
INFO: 2025/04/30 16:50:19 logger.go:45: Начало загрузки фактов ежедневной активности (всего: 29)
INFO: 2025/04/30 16:50:19 logger.go:45: Загрузка фактов ежедневной активности завершена. Загружено записей: 29. Длительность: 5.8243ms
INFO: 2025/04/30 16:50:19 logger.go:45: Загрузка фактов почасовой активности...
INFO: 2025/04/30 16:50:19 logger.go:45: Начало загрузки фактов почасовой активности (всего: 55)
INFO: 2025/04/30 16:50:19 logger.go:45: Загрузка фактов почасовой активности завершена. Загружено записей: 55. Длительность: 9.4496ms
INFO: 2025/04/30 16:50:19 logger.go:45: Фаза Load завершена. Длительность: 90.8567ms
INFO: 2025/04/30 16:50:19 logger.go:45: ETL процесс успешно завершен. Длительность: 222.8515ms
INFO: 2025/04/30 18:11:31 logger.go:45: Инициализация ETL Runner
INFO: 2025/04/30 18:11:31 logger.go:45: Запуск планировщика ETL с интервалом 1h0m0s
INFO: 2025/04/30 18:11:31 logger.go:45: Запланированный запуск ETL процесса
INFO: 2025/04/30 18:11:31 logger.go:45: Запуск ETL процесса
INFO: 2025/04/30 18:11:31 logger.go:45: Начало фазы Extract (Извлечение данных)
DEBUG: 2025/04/30 18:11:31 logger.go:67: Начало извлечения данных о пользователях
DEBUG: 2025/04/30 18:11:31 logger.go:67: Извлечено 2 пользователей
DEBUG: 2025/04/30 18:11:31 logger.go:67: Начало извлечения данных о чатах
DEBUG: 2025/04/30 18:11:31 logger.go:67: Извлечено 3 чатов
DEBUG: 2025/04/30 18:11:31 logger.go:67: Начало извлечения данных о сообщениях (lastRunTime: 0001-01-01 00:00:00 +0000 UTC, lastMessageID: 0)
DEBUG: 2025/04/30 18:11:31 logger.go:67: Извлечено 341 сообщений
INFO: 2025/04/30 18:11:31 logger.go:45: Фаза Extract завершена. Длительность: 5.4505ms
INFO: 2025/04/30 18:11:31 logger.go:45: Извлечено: 341 сообщений, 2 пользователей, 3 чатов
INFO: 2025/04/30 18:11:31 logger.go:45: Начало фазы Transform (Преобразование данных)
INFO: 2025/04/30 18:11:31 logger.go:45: Проверка измерения времени...
DEBUG: 2025/04/30 18:11:31 logger.go:67: Проверка измерения времени...
DEBUG: 2025/04/30 18:11:31 logger.go:67: Измерение времени содержит 365 записей
INFO: 2025/04/30 18:11:31 logger.go:45: Преобразование данных пользователей...
DEBUG: 2025/04/30 18:11:31 logger.go:67: Обработка измерения пользователей...
INFO: 2025/04/30 18:11:31 logger.go:45: Обработано измерение пользователей. Трансформировано записей: 2
INFO: 2025/04/30 18:11:31 logger.go:45: Преобразование данных сообщений...
DEBUG: 2025/04/30 18:11:31 logger.go:67: Обработка фактов сообщений...
INFO: 2025/04/30 18:11:31 logger.go:45: Обработано фактов сообщений: 341
INFO: 2025/04/30 18:11:31 logger.go:45: Преобразование данных чатов...
DEBUG: 2025/04/30 18:11:31 logger.go:67: Обработка фактов чатов...
INFO: 2025/04/30 18:11:31 logger.go:45: Обработано фактов чатов: 3
INFO: 2025/04/30 18:11:31 logger.go:45: Формирование ежедневных агрегатов активности...
DEBUG: 2025/04/30 18:11:31 logger.go:67: Обработка ежедневной активности...
INFO: 2025/04/30 18:11:31 logger.go:45: Обработка ежедневной активности завершена. Сформировано фактов: 29
INFO: 2025/04/30 18:11:31 logger.go:45: Фаза Transform завершена. Длительность: 37.543ms
INFO: 2025/04/30 18:11:31 logger.go:45: Начало фазы Load (Загрузка данных)
INFO: 2025/04/30 18:11:31 logger.go:45: Загрузка измерения пользователей...
INFO: 2025/04/30 18:11:31 logger.go:45: Начало загрузки данных пользователей (всего: 2)
INFO: 2025/04/30 18:11:31 logger.go:45: Загрузка данных пользователей завершена. Загружено записей: 2. Длительность: 4.4856ms
INFO: 2025/04/30 18:11:31 logger.go:45: Загрузка фактов сообщений...
INFO: 2025/04/30 18:11:31 logger.go:45: Начало загрузки фактов сообщений (всего: 341)
DEBUG: 2025/04/30 18:11:31 logger.go:67: Загружено 100 из 341 сообщений...
DEBUG: 2025/04/30 18:11:32 logger.go:67: Загружено 200 из 341 сообщений...
DEBUG: 2025/04/30 18:11:32 logger.go:67: Загружено 300 из 341 сообщений...
INFO: 2025/04/30 18:11:32 logger.go:45: Загрузка фактов сообщений завершена. Загружено записей: 341. Длительность: 107.0846ms
INFO: 2025/04/30 18:11:32 logger.go:45: Загрузка фактов чатов...
INFO: 2025/04/30 18:11:32 logger.go:45: Начало загрузки фактов чатов (всего: 3)
ERROR: 2025/04/30 18:11:32 logger.go:54: Ошибка при обновлении chat_facts для чата 11: Error 1452 (23000): Cannot add or update a child row: a foreign key constraint fails (`chat_analytics`.`chat_facts`, CONSTRAINT `chat_facts_ibfk_1` FOREIGN KEY (`start_time_id`) REFERENCES `time_dimension` (`id`))
ERROR: 2025/04/30 18:11:32 logger.go:54: Ошибка при обновлении chat_facts для чата 13: Error 1452 (23000): Cannot add or update a child row: a foreign key constraint fails (`chat_analytics`.`chat_facts`, CONSTRAINT `chat_facts_ibfk_1` FOREIGN KEY (`start_time_id`) REFERENCES `time_dimension` (`id`))
ERROR: 2025/04/30 18:11:32 logger.go:54: Ошибка при обновлении chat_facts для чата 14: Error 1452 (23000): Cannot add or update a child row: a foreign key constraint fails (`chat_analytics`.`chat_facts`, CONSTRAINT `chat_facts_ibfk_1` FOREIGN KEY (`start_time_id`) REFERENCES `time_dimension` (`id`))
ERROR: 2025/04/30 18:11:32 logger.go:54: Ошибка при загрузке фактов чатов: произошло 3 ошибок при загрузке фактов чатов
ERROR: 2025/04/30 18:11:32 logger.go:54: Ошибка в фазе Load: ошибка при загрузке фактов чатов: произошло 3 ошибок при загрузке фактов чатов
ERROR: 2025/04/30 18:11:32 logger.go:54: Ошибка при выполнении запланированного ETL: ошибка в фазе Load: ошибка при загрузке фактов чатов: произошло 3 ошибок при загрузке фактов чатов
INFO: 2025/04/30 18:12:22 logger.go:45: Инициализация ETL Runner
INFO: 2025/04/30 18:12:22 logger.go:45: Запуск планировщика ETL с интервалом 1h0m0s
INFO: 2025/04/30 18:12:22 logger.go:45: Запланированный запуск ETL процесса
INFO: 2025/04/30 18:12:22 logger.go:45: Запуск ETL процесса
INFO: 2025/04/30 18:12:22 logger.go:45: Начало фазы Extract (Извлечение данных)
DEBUG: 2025/04/30 18:12:22 logger.go:67: Начало извлечения данных о пользователях
DEBUG: 2025/04/30 18:12:22 logger.go:67: Извлечено 2 пользователей
DEBUG: 2025/04/30 18:12:22 logger.go:67: Начало извлечения данных о чатах
DEBUG: 2025/04/30 18:12:22 logger.go:67: Извлечено 3 чатов
DEBUG: 2025/04/30 18:12:22 logger.go:67: Начало извлечения данных о сообщениях (lastRunTime: 0001-01-01 00:00:00 +0000 UTC, lastMessageID: 0)
DEBUG: 2025/04/30 18:12:22 logger.go:67: Извлечено 341 сообщений
INFO: 2025/04/30 18:12:22 logger.go:45: Фаза Extract завершена. Длительность: 5.2995ms
INFO: 2025/04/30 18:12:22 logger.go:45: Извлечено: 341 сообщений, 2 пользователей, 3 чатов
INFO: 2025/04/30 18:12:22 logger.go:45: Начало фазы Transform (Преобразование данных)
INFO: 2025/04/30 18:12:22 logger.go:45: Проверка измерения времени...
DEBUG: 2025/04/30 18:12:22 logger.go:67: Проверка измерения времени...
DEBUG: 2025/04/30 18:12:22 logger.go:67: Измерение времени содержит 365 записей
INFO: 2025/04/30 18:12:22 logger.go:45: Преобразование данных пользователей...
DEBUG: 2025/04/30 18:12:22 logger.go:67: Обработка измерения пользователей...
INFO: 2025/04/30 18:12:22 logger.go:45: Обработано измерение пользователей. Трансформировано записей: 2
INFO: 2025/04/30 18:12:22 logger.go:45: Преобразование данных сообщений...
DEBUG: 2025/04/30 18:12:22 logger.go:67: Обработка фактов сообщений...
INFO: 2025/04/30 18:12:22 logger.go:45: Обработано фактов сообщений: 341
INFO: 2025/04/30 18:12:22 logger.go:45: Преобразование данных чатов...
DEBUG: 2025/04/30 18:12:22 logger.go:67: Обработка фактов чатов...
INFO: 2025/04/30 18:12:22 logger.go:45: Обработано фактов чатов: 3
INFO: 2025/04/30 18:12:22 logger.go:45: Формирование ежедневных агрегатов активности...
DEBUG: 2025/04/30 18:12:22 logger.go:67: Обработка ежедневной активности...
INFO: 2025/04/30 18:12:22 logger.go:45: Обработка ежедневной активности завершена. Сформировано фактов: 29
INFO: 2025/04/30 18:12:22 logger.go:45: Фаза Transform завершена. Длительность: 23.7063ms
INFO: 2025/04/30 18:12:22 logger.go:45: Начало фазы Load (Загрузка данных)
INFO: 2025/04/30 18:12:22 logger.go:45: Загрузка измерения пользователей...
INFO: 2025/04/30 18:12:22 logger.go:45: Начало загрузки данных пользователей (всего: 2)
INFO: 2025/04/30 18:12:22 logger.go:45: Загрузка данных пользователей завершена. Загружено записей: 2. Длительность: 2.2444ms
INFO: 2025/04/30 18:12:22 logger.go:45: Загрузка фактов сообщений...
INFO: 2025/04/30 18:12:22 logger.go:45: Начало загрузки фактов сообщений (всего: 341)
DEBUG: 2025/04/30 18:12:22 logger.go:67: Загружено 100 из 341 сообщений...
DEBUG: 2025/04/30 18:12:22 logger.go:67: Загружено 200 из 341 сообщений...
DEBUG: 2025/04/30 18:12:22 logger.go:67: Загружено 300 из 341 сообщений...
INFO: 2025/04/30 18:12:22 logger.go:45: Загрузка фактов сообщений завершена. Загружено записей: 341. Длительность: 66.7506ms
INFO: 2025/04/30 18:12:22 logger.go:45: Загрузка фактов чатов...
INFO: 2025/04/30 18:12:22 logger.go:45: Начало загрузки фактов чатов (всего: 3)
ERROR: 2025/04/30 18:12:22 logger.go:54: Ошибка при обновлении chat_facts для чата 11: Error 1452 (23000): Cannot add or update a child row: a foreign key constraint fails (`chat_analytics`.`chat_facts`, CONSTRAINT `chat_facts_ibfk_1` FOREIGN KEY (`start_time_id`) REFERENCES `time_dimension` (`id`))
ERROR: 2025/04/30 18:12:22 logger.go:54: Ошибка при обновлении chat_facts для чата 13: Error 1452 (23000): Cannot add or update a child row: a foreign key constraint fails (`chat_analytics`.`chat_facts`, CONSTRAINT `chat_facts_ibfk_1` FOREIGN KEY (`start_time_id`) REFERENCES `time_dimension` (`id`))
ERROR: 2025/04/30 18:12:22 logger.go:54: Ошибка при обновлении chat_facts для чата 14: Error 1452 (23000): Cannot add or update a child row: a foreign key constraint fails (`chat_analytics`.`chat_facts`, CONSTRAINT `chat_facts_ibfk_1` FOREIGN KEY (`start_time_id`) REFERENCES `time_dimension` (`id`))
ERROR: 2025/04/30 18:12:22 logger.go:54: Ошибка при загрузке фактов чатов: произошло 3 ошибок при загрузке фактов чатов
ERROR: 2025/04/30 18:12:22 logger.go:54: Ошибка в фазе Load: ошибка при загрузке фактов чатов: произошло 3 ошибок при загрузке фактов чатов
ERROR: 2025/04/30 18:12:22 logger.go:54: Ошибка при выполнении запланированного ETL: ошибка в фазе Load: ошибка при загрузке фактов чатов: произошло 3 ошибок при загрузке фактов чатов
INFO: 2025/04/30 18:12:25 logger.go:45: Планировщик ETL остановлен
INFO: 2025/04/30 18:12:25 logger.go:45: Завершение работы ETL Runner
INFO: 2025/04/30 18:16:05 logger.go:45: Инициализация ETL Runner
INFO: 2025/04/30 18:16:05 logger.go:45: Запуск планировщика ETL с интервалом 1h0m0s
INFO: 2025/04/30 18:16:05 logger.go:45: Запланированный запуск ETL процесса
INFO: 2025/04/30 18:16:05 logger.go:45: Запуск ETL процесса
INFO: 2025/04/30 18:16:05 logger.go:45: Начало фазы Extract (Извлечение данных)
DEBUG: 2025/04/30 18:16:05 logger.go:67: Начало извлечения данных о пользователях
DEBUG: 2025/04/30 18:16:05 logger.go:67: Извлечено 2 пользователей
DEBUG: 2025/04/30 18:16:05 logger.go:67: Начало извлечения данных о чатах
DEBUG: 2025/04/30 18:16:05 logger.go:67: Извлечено 3 чатов
DEBUG: 2025/04/30 18:16:05 logger.go:67: Начало извлечения данных о сообщениях (lastRunTime: 0001-01-01 00:00:00 +0000 UTC, lastMessageID: 0)
DEBUG: 2025/04/30 18:16:05 logger.go:67: Извлечено 341 сообщений
INFO: 2025/04/30 18:16:05 logger.go:45: Фаза Extract завершена. Длительность: 5.8099ms
INFO: 2025/04/30 18:16:05 logger.go:45: Извлечено: 341 сообщений, 2 пользователей, 3 чатов
INFO: 2025/04/30 18:16:05 logger.go:45: Начало фазы Transform (Преобразование данных)
INFO: 2025/04/30 18:16:05 logger.go:45: Проверка измерения времени...
DEBUG: 2025/04/30 18:16:05 logger.go:67: Проверка измерения времени...
DEBUG: 2025/04/30 18:16:05 logger.go:67: Измерение времени содержит 365 записей
INFO: 2025/04/30 18:16:05 logger.go:45: Преобразование данных пользователей...
DEBUG: 2025/04/30 18:16:05 logger.go:67: Обработка измерения пользователей...
INFO: 2025/04/30 18:16:05 logger.go:45: Обработано измерение пользователей. Трансформировано записей: 2
INFO: 2025/04/30 18:16:05 logger.go:45: Преобразование данных сообщений...
DEBUG: 2025/04/30 18:16:05 logger.go:67: Обработка фактов сообщений...
INFO: 2025/04/30 18:16:05 logger.go:45: Обработано фактов сообщений: 341
INFO: 2025/04/30 18:16:05 logger.go:45: Преобразование данных чатов...
DEBUG: 2025/04/30 18:16:05 logger.go:67: Обработка фактов чатов...
INFO: 2025/04/30 18:16:05 logger.go:45: Обработано фактов чатов: 3
INFO: 2025/04/30 18:16:05 logger.go:45: Формирование ежедневных агрегатов активности...
DEBUG: 2025/04/30 18:16:05 logger.go:67: Обработка ежедневной активности...
INFO: 2025/04/30 18:16:05 logger.go:45: Обработка ежедневной активности завершена. Сформировано фактов: 29
INFO: 2025/04/30 18:16:05 logger.go:45: Фаза Transform завершена. Длительность: 22.9133ms
INFO: 2025/04/30 18:16:05 logger.go:45: Начало фазы Load (Загрузка данных)
INFO: 2025/04/30 18:16:05 logger.go:45: Загрузка измерения пользователей...
INFO: 2025/04/30 18:16:05 logger.go:45: Начало загрузки данных пользователей (всего: 2)
INFO: 2025/04/30 18:16:05 logger.go:45: Загрузка данных пользователей завершена. Загружено записей: 2. Длительность: 3.2245ms
INFO: 2025/04/30 18:16:05 logger.go:45: Загрузка фактов сообщений...
INFO: 2025/04/30 18:16:05 logger.go:45: Начало загрузки фактов сообщений (всего: 341)
DEBUG: 2025/04/30 18:16:05 logger.go:67: Загружено 100 из 341 сообщений...
DEBUG: 2025/04/30 18:16:05 logger.go:67: Загружено 200 из 341 сообщений...
DEBUG: 2025/04/30 18:16:05 logger.go:67: Загружено 300 из 341 сообщений...
INFO: 2025/04/30 18:16:05 logger.go:45: Загрузка фактов сообщений завершена. Загружено записей: 341. Длительность: 62.4569ms
INFO: 2025/04/30 18:16:05 logger.go:45: Загрузка фактов чатов...
INFO: 2025/04/30 18:16:05 logger.go:45: Начало загрузки фактов чатов (всего: 3)
ERROR: 2025/04/30 18:16:05 logger.go:54: Ошибка при обновлении chat_facts для чата 11: Error 1452 (23000): Cannot add or update a child row: a foreign key constraint fails (`chat_analytics`.`chat_facts`, CONSTRAINT `chat_facts_ibfk_1` FOREIGN KEY (`start_time_id`) REFERENCES `time_dimension` (`id`))
ERROR: 2025/04/30 18:16:05 logger.go:54: Ошибка при обновлении chat_facts для чата 13: Error 1452 (23000): Cannot add or update a child row: a foreign key constraint fails (`chat_analytics`.`chat_facts`, CONSTRAINT `chat_facts_ibfk_1` FOREIGN KEY (`start_time_id`) REFERENCES `time_dimension` (`id`))
ERROR: 2025/04/30 18:16:05 logger.go:54: Ошибка при обновлении chat_facts для чата 14: Error 1452 (23000): Cannot add or update a child row: a foreign key constraint fails (`chat_analytics`.`chat_facts`, CONSTRAINT `chat_facts_ibfk_1` FOREIGN KEY (`start_time_id`) REFERENCES `time_dimension` (`id`))
ERROR: 2025/04/30 18:16:05 logger.go:54: Ошибка при загрузке фактов чатов: произошло 3 ошибок при загрузке фактов чатов
ERROR: 2025/04/30 18:16:05 logger.go:54: Ошибка в фазе Load: ошибка при загрузке фактов чатов: произошло 3 ошибок при загрузке фактов чатов
ERROR: 2025/04/30 18:16:05 logger.go:54: Ошибка при выполнении запланированного ETL: ошибка в фазе Load: ошибка при загрузке фактов чатов: произошло 3 ошибок при загрузке фактов чатов
INFO: 2025/04/30 18:16:07 logger.go:45: Планировщик ETL остановлен
INFO: 2025/04/30 18:16:07 logger.go:45: Завершение работы ETL Runner
INFO: 2025/04/30 18:30:15 logger.go:45: Инициализация ETL Runner
INFO: 2025/04/30 18:30:15 logger.go:45: Запуск планировщика ETL с интервалом 1h0m0s
INFO: 2025/04/30 18:30:15 logger.go:45: Запланированный запуск ETL процесса
INFO: 2025/04/30 18:30:15 logger.go:45: Запуск ETL процесса
INFO: 2025/04/30 18:30:15 logger.go:45: Начало фазы Extract (Извлечение данных)
DEBUG: 2025/04/30 18:30:15 logger.go:67: Начало извлечения данных о пользователях
DEBUG: 2025/04/30 18:30:15 logger.go:67: Извлечено 2 пользователей
DEBUG: 2025/04/30 18:30:15 logger.go:67: Начало извлечения данных о чатах
DEBUG: 2025/04/30 18:30:15 logger.go:67: Извлечено 3 чатов
DEBUG: 2025/04/30 18:30:15 logger.go:67: Начало извлечения данных о сообщениях (lastRunTime: 0001-01-01 00:00:00 +0000 UTC, lastMessageID: 0)
DEBUG: 2025/04/30 18:30:15 logger.go:67: Извлечено 341 сообщений
INFO: 2025/04/30 18:30:15 logger.go:45: Фаза Extract завершена. Длительность: 4.0791ms
INFO: 2025/04/30 18:30:15 logger.go:45: Извлечено: 341 сообщений, 2 пользователей, 3 чатов
INFO: 2025/04/30 18:30:15 logger.go:45: Начало фазы Transform (Преобразование данных)
INFO: 2025/04/30 18:30:15 logger.go:45: Проверка измерения времени...
DEBUG: 2025/04/30 18:30:15 logger.go:67: Проверка измерения времени...
DEBUG: 2025/04/30 18:30:15 logger.go:67: Измерение времени содержит 365 записей
INFO: 2025/04/30 18:30:15 logger.go:45: Преобразование данных пользователей...
DEBUG: 2025/04/30 18:30:15 logger.go:67: Обработка измерения пользователей...
INFO: 2025/04/30 18:30:15 logger.go:45: Обработано измерение пользователей. Трансформировано записей: 2
INFO: 2025/04/30 18:30:15 logger.go:45: Преобразование данных сообщений...
DEBUG: 2025/04/30 18:30:15 logger.go:67: Обработка фактов сообщений...
INFO: 2025/04/30 18:30:15 logger.go:45: Обработано фактов сообщений: 341
INFO: 2025/04/30 18:30:15 logger.go:45: Преобразование данных чатов...
DEBUG: 2025/04/30 18:30:15 logger.go:67: Обработка фактов чатов...
INFO: 2025/04/30 18:30:15 logger.go:45: Обработано фактов чатов: 3
INFO: 2025/04/30 18:30:15 logger.go:45: Формирование ежедневных агрегатов активности...
DEBUG: 2025/04/30 18:30:15 logger.go:67: Обработка ежедневной активности...
INFO: 2025/04/30 18:30:15 logger.go:45: Обработка ежедневной активности завершена. Сформировано фактов: 29
INFO: 2025/04/30 18:30:15 logger.go:45: Фаза Transform завершена. Длительность: 25.8596ms
INFO: 2025/04/30 18:30:15 logger.go:45: Начало фазы Load (Загрузка данных)
INFO: 2025/04/30 18:30:15 logger.go:45: Загрузка измерения пользователей...
INFO: 2025/04/30 18:30:15 logger.go:45: Начало загрузки данных пользователей (всего: 2)
INFO: 2025/04/30 18:30:15 logger.go:45: Загрузка данных пользователей завершена. Загружено записей: 2. Длительность: 2.925ms
INFO: 2025/04/30 18:30:15 logger.go:45: Загрузка фактов сообщений...
INFO: 2025/04/30 18:30:15 logger.go:45: Начало загрузки фактов сообщений (всего: 341)
DEBUG: 2025/04/30 18:30:15 logger.go:67: Загружено 100 из 341 сообщений...
DEBUG: 2025/04/30 18:30:15 logger.go:67: Загружено 200 из 341 сообщений...
DEBUG: 2025/04/30 18:30:15 logger.go:67: Загружено 300 из 341 сообщений...
INFO: 2025/04/30 18:30:15 logger.go:45: Загрузка фактов сообщений завершена. Загружено записей: 341. Длительность: 60.3577ms
INFO: 2025/04/30 18:30:15 logger.go:45: Загрузка фактов чатов...
INFO: 2025/04/30 18:30:15 logger.go:45: Начало загрузки фактов чатов (всего: 3)
INFO: 2025/04/30 18:30:15 logger.go:45: Загрузка фактов чатов завершена. Загружено записей: 3. Длительность: 5.5457ms
INFO: 2025/04/30 18:30:15 logger.go:45: Загрузка фактов ежедневной активности...
INFO: 2025/04/30 18:30:15 logger.go:45: Начало загрузки фактов ежедневной активности (всего: 29)
INFO: 2025/04/30 18:30:15 logger.go:45: Загрузка фактов ежедневной активности завершена. Загружено записей: 29. Длительность: 6.4262ms
INFO: 2025/04/30 18:30:15 logger.go:45: Фаза Load завершена. Длительность: 78.8948ms
INFO: 2025/04/30 18:30:15 logger.go:45: ETL процесс успешно завершен. Длительность: 116.245ms
INFO: 2025/04/30 18:31:50 logger.go:45: Планировщик ETL остановлен
INFO: 2025/04/30 18:31:50 logger.go:45: Завершение работы ETL Runner
