INFO: 2025/05/02 16:37:48 logger.go:45: Инициализация ETL Runner
INFO: 2025/05/02 16:37:48 logger.go:45: Запуск планировщика ETL с интервалом 1h0m0s
INFO: 2025/05/02 16:37:48 logger.go:45: Запланированный запуск ETL процесса
INFO: 2025/05/02 16:37:48 logger.go:45: Запуск ETL процесса
INFO: 2025/05/02 16:37:48 logger.go:45: Начало фазы Extract (Извлечение данных)
DEBUG: 2025/05/02 16:37:48 logger.go:67: Начало извлечения данных о пользователях
DEBUG: 2025/05/02 16:37:48 logger.go:67: Извлечено 2 пользователей
DEBUG: 2025/05/02 16:37:48 logger.go:67: Начало извлечения данных о чатах
DEBUG: 2025/05/02 16:37:48 logger.go:67: Извлечено 3 чатов
DEBUG: 2025/05/02 16:37:48 logger.go:67: Начало извлечения данных о сообщениях (lastRunTime: 0001-01-01 00:00:00 +0000 UTC, lastMessageID: 0)
DEBUG: 2025/05/02 16:37:48 logger.go:67: Извлечено 560 сообщений
INFO: 2025/05/02 16:37:48 logger.go:45: Фаза Extract завершена. Длительность: 6.8492ms
INFO: 2025/05/02 16:37:48 logger.go:45: Извлечено: 560 сообщений, 2 пользователей, 3 чатов
INFO: 2025/05/02 16:37:48 logger.go:45: Начало фазы Transform (Преобразование данных)
INFO: 2025/05/02 16:37:48 logger.go:45: Проверка измерения времени...
DEBUG: 2025/05/02 16:37:48 logger.go:67: Проверка измерения времени...
DEBUG: 2025/05/02 16:37:48 logger.go:67: Измерение времени содержит 365 записей
INFO: 2025/05/02 16:37:48 logger.go:45: Преобразование данных пользователей...
DEBUG: 2025/05/02 16:37:48 logger.go:67: Обработка измерения пользователей...
INFO: 2025/05/02 16:37:48 logger.go:45: Обработано измерение пользователей. Трансформировано записей: 2
INFO: 2025/05/02 16:37:48 logger.go:45: Преобразование данных сообщений...
DEBUG: 2025/05/02 16:37:48 logger.go:67: Обработка фактов сообщений...
INFO: 2025/05/02 16:37:48 logger.go:45: Обработано фактов сообщений: 560
INFO: 2025/05/02 16:37:48 logger.go:45: Преобразование данных чатов...
DEBUG: 2025/05/02 16:37:48 logger.go:67: Обработка фактов чатов...
INFO: 2025/05/02 16:37:48 logger.go:45: Обработано фактов чатов: 3
INFO: 2025/05/02 16:37:48 logger.go:45: Формирование ежедневных агрегатов активности...
DEBUG: 2025/05/02 16:37:48 logger.go:67: Обработка ежедневной активности...
INFO: 2025/05/02 16:37:48 logger.go:45: Обработка ежедневной активности завершена. Сформировано фактов: 30
INFO: 2025/05/02 16:37:48 logger.go:45: Фаза Transform завершена. Длительность: 60.4827ms
INFO: 2025/05/02 16:37:48 logger.go:45: Начало фазы Load (Загрузка данных)
INFO: 2025/05/02 16:37:48 logger.go:45: Загрузка измерения пользователей...
INFO: 2025/05/02 16:37:48 logger.go:45: Начало загрузки данных пользователей (всего: 2)
INFO: 2025/05/02 16:37:49 logger.go:45: Загрузка данных пользователей завершена. Загружено записей: 2. Длительность: 3.1915ms
INFO: 2025/05/02 16:37:49 logger.go:45: Загрузка фактов сообщений...
INFO: 2025/05/02 16:37:49 logger.go:45: Начало загрузки фактов сообщений (всего: 560)
DEBUG: 2025/05/02 16:37:49 logger.go:67: Загружено 100 из 560 сообщений...
DEBUG: 2025/05/02 16:37:49 logger.go:67: Загружено 200 из 560 сообщений...
DEBUG: 2025/05/02 16:37:49 logger.go:67: Загружено 300 из 560 сообщений...
DEBUG: 2025/05/02 16:37:49 logger.go:67: Загружено 400 из 560 сообщений...
DEBUG: 2025/05/02 16:37:49 logger.go:67: Загружено 500 из 560 сообщений...
INFO: 2025/05/02 16:37:49 logger.go:45: Загрузка фактов сообщений завершена. Загружено записей: 560. Длительность: 152.1409ms
INFO: 2025/05/02 16:37:49 logger.go:45: Загрузка фактов чатов...
INFO: 2025/05/02 16:37:49 logger.go:45: Начало загрузки фактов чатов (всего: 3)
INFO: 2025/05/02 16:37:49 logger.go:45: Загрузка фактов чатов завершена. Загружено записей: 3. Длительность: 4.6065ms
INFO: 2025/05/02 16:37:49 logger.go:45: Загрузка фактов ежедневной активности...
INFO: 2025/05/02 16:37:49 logger.go:45: Начало загрузки фактов ежедневной активности (всего: 30)
INFO: 2025/05/02 16:37:49 logger.go:45: Загрузка фактов ежедневной активности завершена. Загружено записей: 30. Длительность: 10.9022ms
INFO: 2025/05/02 16:37:49 logger.go:45: Фаза Load завершена. Длительность: 180.9449ms
INFO: 2025/05/02 16:37:49 logger.go:45: ETL процесс успешно завершен. Длительность: 259.1493ms
INFO: 2025/05/02 16:39:25 logger.go:45: Планировщик ETL остановлен
INFO: 2025/05/02 16:39:25 logger.go:45: Завершение работы ETL Runner
INFO: 2025/05/02 16:49:33 logger.go:45: Инициализация ETL Runner
INFO: 2025/05/02 16:49:33 logger.go:45: Запуск планировщика ETL с интервалом 1h0m0s
INFO: 2025/05/02 16:49:33 logger.go:45: Запланированный запуск ETL процесса
INFO: 2025/05/02 16:49:33 logger.go:45: Запуск ETL процесса
INFO: 2025/05/02 16:49:33 logger.go:45: Начало фазы Extract (Извлечение данных)
DEBUG: 2025/05/02 16:49:33 logger.go:67: Начало извлечения данных о пользователях
DEBUG: 2025/05/02 16:49:33 logger.go:67: Извлечено 2 пользователей
DEBUG: 2025/05/02 16:49:33 logger.go:67: Начало извлечения данных о чатах
DEBUG: 2025/05/02 16:49:33 logger.go:67: Извлечено 3 чатов
DEBUG: 2025/05/02 16:49:33 logger.go:67: Начало извлечения данных о сообщениях (lastRunTime: 0001-01-01 00:00:00 +0000 UTC, lastMessageID: 0)
DEBUG: 2025/05/02 16:49:33 logger.go:67: Извлечено 560 сообщений
INFO: 2025/05/02 16:49:33 logger.go:45: Фаза Extract завершена. Длительность: 6.0501ms
INFO: 2025/05/02 16:49:33 logger.go:45: Извлечено: 560 сообщений, 2 пользователей, 3 чатов
INFO: 2025/05/02 16:49:33 logger.go:45: Начало фазы Transform (Преобразование данных)
INFO: 2025/05/02 16:49:33 logger.go:45: Проверка измерения времени...
DEBUG: 2025/05/02 16:49:33 logger.go:67: Проверка измерения времени...
DEBUG: 2025/05/02 16:49:33 logger.go:67: Измерение времени содержит 365 записей
INFO: 2025/05/02 16:49:33 logger.go:45: Преобразование данных пользователей...
DEBUG: 2025/05/02 16:49:33 logger.go:67: Обработка измерения пользователей...
INFO: 2025/05/02 16:49:33 logger.go:45: Обработано измерение пользователей. Трансформировано записей: 2
INFO: 2025/05/02 16:49:33 logger.go:45: Преобразование данных сообщений...
DEBUG: 2025/05/02 16:49:33 logger.go:67: Обработка фактов сообщений...
INFO: 2025/05/02 16:49:33 logger.go:45: Обработано фактов сообщений: 560
INFO: 2025/05/02 16:49:33 logger.go:45: Преобразование данных чатов...
DEBUG: 2025/05/02 16:49:33 logger.go:67: Обработка фактов чатов...
INFO: 2025/05/02 16:49:33 logger.go:45: Обработано фактов чатов: 3
INFO: 2025/05/02 16:49:33 logger.go:45: Формирование ежедневных агрегатов активности...
DEBUG: 2025/05/02 16:49:33 logger.go:67: Обработка ежедневной активности...
ERROR: 2025/05/02 16:49:33 logger.go:54: Ошибка при получении последнего обработанного сообщения: Error 1146 (42S02): Table 'chat_analytics.etl_runs' doesn't exist. Будут обработаны все данные.
INFO: 2025/05/02 16:49:33 logger.go:45: Начало обработки данных начиная с ID сообщения: 0
INFO: 2025/05/02 16:49:33 logger.go:45: Получено сообщений: 560, данных о регистрациях: 2
INFO: 2025/05/02 16:49:33 logger.go:45: Обработка ежедневной активности завершена. Сформировано фактов: 38
INFO: 2025/05/02 16:49:33 logger.go:45: Фаза Transform завершена. Длительность: 45.3141ms
INFO: 2025/05/02 16:49:33 logger.go:45: Начало фазы Load (Загрузка данных)
INFO: 2025/05/02 16:49:33 logger.go:45: Загрузка измерения пользователей...
INFO: 2025/05/02 16:49:33 logger.go:45: Начало загрузки данных пользователей (всего: 2)
INFO: 2025/05/02 16:49:33 logger.go:45: Загрузка данных пользователей завершена. Загружено записей: 2. Длительность: 2.4015ms
INFO: 2025/05/02 16:49:33 logger.go:45: Загрузка фактов сообщений...
INFO: 2025/05/02 16:49:33 logger.go:45: Начало загрузки фактов сообщений (всего: 560)
DEBUG: 2025/05/02 16:49:33 logger.go:67: Загружено 100 из 560 сообщений...
DEBUG: 2025/05/02 16:49:33 logger.go:67: Загружено 200 из 560 сообщений...
DEBUG: 2025/05/02 16:49:33 logger.go:67: Загружено 300 из 560 сообщений...
DEBUG: 2025/05/02 16:49:33 logger.go:67: Загружено 400 из 560 сообщений...
DEBUG: 2025/05/02 16:49:33 logger.go:67: Загружено 500 из 560 сообщений...
INFO: 2025/05/02 16:49:33 logger.go:45: Загрузка фактов сообщений завершена. Загружено записей: 560. Длительность: 126.2305ms
INFO: 2025/05/02 16:49:33 logger.go:45: Загрузка фактов чатов...
INFO: 2025/05/02 16:49:33 logger.go:45: Начало загрузки фактов чатов (всего: 3)
INFO: 2025/05/02 16:49:33 logger.go:45: Загрузка фактов чатов завершена. Загружено записей: 3. Длительность: 4.249ms
INFO: 2025/05/02 16:49:33 logger.go:45: Загрузка фактов ежедневной активности...
INFO: 2025/05/02 16:49:33 logger.go:45: Начало загрузки фактов ежедневной активности (всего: 38)
INFO: 2025/05/02 16:49:33 logger.go:45: Загрузка фактов ежедневной активности завершена. Загружено записей: 38. Длительность: 14.4139ms
INFO: 2025/05/02 16:49:33 logger.go:45: Фаза Load завершена. Длительность: 156.0066ms
INFO: 2025/05/02 16:49:33 logger.go:45: ETL процесс успешно завершен. Длительность: 217.1064ms
INFO: 2025/05/02 16:49:38 logger.go:45: Планировщик ETL остановлен
INFO: 2025/05/02 16:49:38 logger.go:45: Завершение работы ETL Runner
