INFO: 2025/05/10 18:35:19 logger.go:45: Запуск ETL процесса
INFO: 2025/05/10 18:35:19 logger.go:45: Начало фазы Extract (Извлечение данных)
DEBUG: 2025/05/10 18:35:19 logger.go:67: Начало извлечения данных о пользователях
DEBUG: 2025/05/10 18:35:19 logger.go:67: Извлечено 500 пользователей
DEBUG: 2025/05/10 18:35:19 logger.go:67: Начало извлечения данных о чатах
DEBUG: 2025/05/10 18:35:19 logger.go:67: Извлечено 1473 чатов
DEBUG: 2025/05/10 18:35:19 logger.go:67: Начало извлечения данных о сообщениях (lastMessageID: 0)
DEBUG: 2025/05/10 18:35:19 logger.go:67: Извлечено 1473 сообщений
DEBUG: 2025/05/10 18:35:19 logger.go:67: Найдено 458 отсутствующих чатов, связанных с сообщениями. Извлекаем дополнительно.
DEBUG: 2025/05/10 18:35:19 logger.go:67: Дополнительно извлечено 458 чатов
INFO: 2025/05/10 18:35:19 logger.go:45: Фаза Extract завершена. Длительность: 16.5267ms
INFO: 2025/05/10 18:35:19 logger.go:45: Извлечено: 1473 сообщений, 500 пользователей, 1931 чатов
INFO: 2025/05/10 18:35:19 logger.go:45: Начало фазы Transform (Преобразование данных)
INFO: 2025/05/10 18:35:19 logger.go:45: Проверка измерения времени...
DEBUG: 2025/05/10 18:35:19 logger.go:67: Проверка измерения времени...
DEBUG: 2025/05/10 18:35:19 logger.go:67: Измерение времени пусто, создаем записи...
INFO: 2025/05/10 18:35:19 logger.go:45: Создание измерения времени...
DEBUG: 2025/05/10 18:35:19 logger.go:67: Создано 7 записей измерения времени...
DEBUG: 2025/05/10 18:35:19 logger.go:67: Создано 14 записей измерения времени...
DEBUG: 2025/05/10 18:35:19 logger.go:67: Создано 21 записей измерения времени...
DEBUG: 2025/05/10 18:35:19 logger.go:67: Создано 28 записей измерения времени...
DEBUG: 2025/05/10 18:35:19 logger.go:67: Создано 35 записей измерения времени...
DEBUG: 2025/05/10 18:35:19 logger.go:67: Создано 42 записей измерения времени...
DEBUG: 2025/05/10 18:35:19 logger.go:67: Создано 49 записей измерения времени...
DEBUG: 2025/05/10 18:35:19 logger.go:67: Создано 56 записей измерения времени...
DEBUG: 2025/05/10 18:35:19 logger.go:67: Создано 63 записей измерения времени...
DEBUG: 2025/05/10 18:35:19 logger.go:67: Создано 70 записей измерения времени...
DEBUG: 2025/05/10 18:35:19 logger.go:67: Создано 77 записей измерения времени...
DEBUG: 2025/05/10 18:35:19 logger.go:67: Создано 84 записей измерения времени...
DEBUG: 2025/05/10 18:35:19 logger.go:67: Создано 91 записей измерения времени...
DEBUG: 2025/05/10 18:35:19 logger.go:67: Создано 98 записей измерения времени...
DEBUG: 2025/05/10 18:35:19 logger.go:67: Создано 105 записей измерения времени...
DEBUG: 2025/05/10 18:35:19 logger.go:67: Создано 112 записей измерения времени...
DEBUG: 2025/05/10 18:35:19 logger.go:67: Создано 119 записей измерения времени...
DEBUG: 2025/05/10 18:35:19 logger.go:67: Создано 126 записей измерения времени...
DEBUG: 2025/05/10 18:35:19 logger.go:67: Создано 133 записей измерения времени...
DEBUG: 2025/05/10 18:35:19 logger.go:67: Создано 140 записей измерения времени...
DEBUG: 2025/05/10 18:35:19 logger.go:67: Создано 147 записей измерения времени...
DEBUG: 2025/05/10 18:35:19 logger.go:67: Создано 154 записей измерения времени...
DEBUG: 2025/05/10 18:35:19 logger.go:67: Создано 161 записей измерения времени...
DEBUG: 2025/05/10 18:35:19 logger.go:67: Создано 168 записей измерения времени...
DEBUG: 2025/05/10 18:35:19 logger.go:67: Создано 175 записей измерения времени...
DEBUG: 2025/05/10 18:35:19 logger.go:67: Создано 182 записей измерения времени...
DEBUG: 2025/05/10 18:35:19 logger.go:67: Создано 189 записей измерения времени...
DEBUG: 2025/05/10 18:35:19 logger.go:67: Создано 196 записей измерения времени...
DEBUG: 2025/05/10 18:35:19 logger.go:67: Создано 203 записей измерения времени...
DEBUG: 2025/05/10 18:35:19 logger.go:67: Создано 210 записей измерения времени...
DEBUG: 2025/05/10 18:35:19 logger.go:67: Создано 217 записей измерения времени...
DEBUG: 2025/05/10 18:35:19 logger.go:67: Создано 224 записей измерения времени...
DEBUG: 2025/05/10 18:35:19 logger.go:67: Создано 231 записей измерения времени...
DEBUG: 2025/05/10 18:35:19 logger.go:67: Создано 238 записей измерения времени...
DEBUG: 2025/05/10 18:35:19 logger.go:67: Создано 245 записей измерения времени...
DEBUG: 2025/05/10 18:35:19 logger.go:67: Создано 252 записей измерения времени...
DEBUG: 2025/05/10 18:35:19 logger.go:67: Создано 259 записей измерения времени...
DEBUG: 2025/05/10 18:35:19 logger.go:67: Создано 266 записей измерения времени...
DEBUG: 2025/05/10 18:35:19 logger.go:67: Создано 273 записей измерения времени...
DEBUG: 2025/05/10 18:35:19 logger.go:67: Создано 280 записей измерения времени...
DEBUG: 2025/05/10 18:35:19 logger.go:67: Создано 287 записей измерения времени...
DEBUG: 2025/05/10 18:35:19 logger.go:67: Создано 294 записей измерения времени...
DEBUG: 2025/05/10 18:35:19 logger.go:67: Создано 301 записей измерения времени...
DEBUG: 2025/05/10 18:35:19 logger.go:67: Создано 308 записей измерения времени...
DEBUG: 2025/05/10 18:35:19 logger.go:67: Создано 315 записей измерения времени...
DEBUG: 2025/05/10 18:35:20 logger.go:67: Создано 322 записей измерения времени...
DEBUG: 2025/05/10 18:35:20 logger.go:67: Создано 329 записей измерения времени...
DEBUG: 2025/05/10 18:35:20 logger.go:67: Создано 336 записей измерения времени...
DEBUG: 2025/05/10 18:35:20 logger.go:67: Создано 343 записей измерения времени...
DEBUG: 2025/05/10 18:35:20 logger.go:67: Создано 350 записей измерения времени...
DEBUG: 2025/05/10 18:35:20 logger.go:67: Создано 357 записей измерения времени...
DEBUG: 2025/05/10 18:35:20 logger.go:67: Создано 364 записей измерения времени...
INFO: 2025/05/10 18:35:20 logger.go:45: Измерение времени создано. Всего записей: 365
INFO: 2025/05/10 18:35:20 logger.go:45: Преобразование данных пользователей...
DEBUG: 2025/05/10 18:35:20 logger.go:67: Обработка измерения пользователей...
INFO: 2025/05/10 18:35:20 logger.go:45: Обработано измерение пользователей. Трансформировано записей: 500
INFO: 2025/05/10 18:35:20 logger.go:45: Преобразование данных сообщений...
DEBUG: 2025/05/10 18:35:20 logger.go:67: Обработка фактов сообщений...
DEBUG: 2025/05/10 18:35:20 logger.go:67: Создана новая запись в time_dimension для даты 2025-04-07, ID: 366
DEBUG: 2025/05/10 18:35:20 logger.go:67: Создана новая запись в time_dimension для даты 2025-04-08, ID: 367
DEBUG: 2025/05/10 18:35:20 logger.go:67: Создана новая запись в time_dimension для даты 2025-04-10, ID: 368
DEBUG: 2025/05/10 18:35:20 logger.go:67: Создана новая запись в time_dimension для даты 2025-04-13, ID: 369
DEBUG: 2025/05/10 18:35:20 logger.go:67: Создана новая запись в time_dimension для даты 2025-04-03, ID: 370
DEBUG: 2025/05/10 18:35:20 logger.go:67: Создана новая запись в time_dimension для даты 2025-04-09, ID: 371
DEBUG: 2025/05/10 18:35:20 logger.go:67: Создана новая запись в time_dimension для даты 2025-04-11, ID: 372
DEBUG: 2025/05/10 18:35:20 logger.go:67: Создана новая запись в time_dimension для даты 2025-04-12, ID: 373
DEBUG: 2025/05/10 18:35:20 logger.go:67: Создана новая запись в time_dimension для даты 2025-04-02, ID: 374
DEBUG: 2025/05/10 18:35:20 logger.go:67: Создана новая запись в time_dimension для даты 2025-04-05, ID: 375
DEBUG: 2025/05/10 18:35:20 logger.go:67: Создана новая запись в time_dimension для даты 2025-04-04, ID: 376
DEBUG: 2025/05/10 18:35:20 logger.go:67: Создана новая запись в time_dimension для даты 2025-04-06, ID: 377
DEBUG: 2025/05/10 18:35:20 logger.go:67: Создана новая запись в time_dimension для даты 2025-04-14, ID: 378
INFO: 2025/05/10 18:35:20 logger.go:45: Обработано фактов сообщений: 1473
INFO: 2025/05/10 18:35:20 logger.go:45: Преобразование данных чатов...
DEBUG: 2025/05/10 18:35:20 logger.go:67: Обработка фактов чатов...
DEBUG: 2025/05/10 18:35:20 logger.go:67: Создана новая запись в time_dimension для даты 2025-03-13, ID: 379
DEBUG: 2025/05/10 18:35:20 logger.go:67: Создана новая запись в time_dimension для даты 2025-03-20, ID: 380
DEBUG: 2025/05/10 18:35:20 logger.go:67: Создана новая запись в time_dimension для даты 2025-02-27, ID: 381
DEBUG: 2025/05/10 18:35:20 logger.go:67: Создана новая запись в time_dimension для даты 2025-03-12, ID: 382
DEBUG: 2025/05/10 18:35:20 logger.go:67: Создана новая запись в time_dimension для даты 2025-01-09, ID: 383
DEBUG: 2025/05/10 18:35:20 logger.go:67: Создана новая запись в time_dimension для даты 2025-01-30, ID: 384
DEBUG: 2025/05/10 18:35:20 logger.go:67: Создана новая запись в time_dimension для даты 2025-02-26, ID: 385
DEBUG: 2025/05/10 18:35:20 logger.go:67: Создана новая запись в time_dimension для даты 2025-03-07, ID: 386
DEBUG: 2025/05/10 18:35:20 logger.go:67: Создана новая запись в time_dimension для даты 2025-02-17, ID: 387
DEBUG: 2025/05/10 18:35:20 logger.go:67: Создана новая запись в time_dimension для даты 2025-01-13, ID: 388
DEBUG: 2025/05/10 18:35:20 logger.go:67: Создана новая запись в time_dimension для даты 2025-03-16, ID: 389
DEBUG: 2025/05/10 18:35:20 logger.go:67: Создана новая запись в time_dimension для даты 2025-02-08, ID: 390
DEBUG: 2025/05/10 18:35:20 logger.go:67: Создана новая запись в time_dimension для даты 2025-01-27, ID: 391
DEBUG: 2025/05/10 18:35:20 logger.go:67: Создана новая запись в time_dimension для даты 2025-01-17, ID: 392
DEBUG: 2025/05/10 18:35:20 logger.go:67: Создана новая запись в time_dimension для даты 2025-02-13, ID: 393
DEBUG: 2025/05/10 18:35:20 logger.go:67: Создана новая запись в time_dimension для даты 2025-03-18, ID: 394
DEBUG: 2025/05/10 18:35:20 logger.go:67: Создана новая запись в time_dimension для даты 2025-02-02, ID: 395
DEBUG: 2025/05/10 18:35:20 logger.go:67: Создана новая запись в time_dimension для даты 2025-02-16, ID: 396
DEBUG: 2025/05/10 18:35:20 logger.go:67: Создана новая запись в time_dimension для даты 2025-03-31, ID: 397
DEBUG: 2025/05/10 18:35:20 logger.go:67: Создана новая запись в time_dimension для даты 2025-02-25, ID: 398
DEBUG: 2025/05/10 18:35:20 logger.go:67: Создана новая запись в time_dimension для даты 2025-01-04, ID: 399
DEBUG: 2025/05/10 18:35:20 logger.go:67: Создана новая запись в time_dimension для даты 2025-01-18, ID: 400
DEBUG: 2025/05/10 18:35:20 logger.go:67: Создана новая запись в time_dimension для даты 2025-02-01, ID: 401
DEBUG: 2025/05/10 18:35:20 logger.go:67: Создана новая запись в time_dimension для даты 2025-03-14, ID: 402
DEBUG: 2025/05/10 18:35:20 logger.go:67: Создана новая запись в time_dimension для даты 2025-03-04, ID: 403
DEBUG: 2025/05/10 18:35:20 logger.go:67: Создана новая запись в time_dimension для даты 2025-02-06, ID: 404
DEBUG: 2025/05/10 18:35:20 logger.go:67: Создана новая запись в time_dimension для даты 2025-03-11, ID: 405
DEBUG: 2025/05/10 18:35:20 logger.go:67: Создана новая запись в time_dimension для даты 2025-01-15, ID: 406
DEBUG: 2025/05/10 18:35:20 logger.go:67: Создана новая запись в time_dimension для даты 2025-01-25, ID: 407
DEBUG: 2025/05/10 18:35:20 logger.go:67: Создана новая запись в time_dimension для даты 2025-03-03, ID: 408
DEBUG: 2025/05/10 18:35:20 logger.go:67: Создана новая запись в time_dimension для даты 2025-03-26, ID: 409
DEBUG: 2025/05/10 18:35:20 logger.go:67: Создана новая запись в time_dimension для даты 2025-01-29, ID: 410
DEBUG: 2025/05/10 18:35:20 logger.go:67: Создана новая запись в time_dimension для даты 2025-02-24, ID: 411
DEBUG: 2025/05/10 18:35:20 logger.go:67: Создана новая запись в time_dimension для даты 2025-03-25, ID: 412
DEBUG: 2025/05/10 18:35:20 logger.go:67: Создана новая запись в time_dimension для даты 2025-01-24, ID: 413
DEBUG: 2025/05/10 18:35:20 logger.go:67: Создана новая запись в time_dimension для даты 2025-03-17, ID: 414
DEBUG: 2025/05/10 18:35:20 logger.go:67: Создана новая запись в time_dimension для даты 2025-01-05, ID: 415
DEBUG: 2025/05/10 18:35:20 logger.go:67: Создана новая запись в time_dimension для даты 2025-03-22, ID: 416
DEBUG: 2025/05/10 18:35:20 logger.go:67: Создана новая запись в time_dimension для даты 2025-03-05, ID: 417
DEBUG: 2025/05/10 18:35:20 logger.go:67: Создана новая запись в time_dimension для даты 2025-03-21, ID: 418
DEBUG: 2025/05/10 18:35:20 logger.go:67: Создана новая запись в time_dimension для даты 2025-02-11, ID: 419
DEBUG: 2025/05/10 18:35:20 logger.go:67: Создана новая запись в time_dimension для даты 2025-02-10, ID: 420
DEBUG: 2025/05/10 18:35:20 logger.go:67: Создана новая запись в time_dimension для даты 2025-01-01, ID: 421
DEBUG: 2025/05/10 18:35:20 logger.go:67: Создана новая запись в time_dimension для даты 2025-03-08, ID: 422
DEBUG: 2025/05/10 18:35:20 logger.go:67: Создана новая запись в time_dimension для даты 2025-02-18, ID: 423
DEBUG: 2025/05/10 18:35:20 logger.go:67: Создана новая запись в time_dimension для даты 2025-02-04, ID: 424
DEBUG: 2025/05/10 18:35:20 logger.go:67: Создана новая запись в time_dimension для даты 2025-01-31, ID: 425
DEBUG: 2025/05/10 18:35:20 logger.go:67: Создана новая запись в time_dimension для даты 2025-03-02, ID: 426
DEBUG: 2025/05/10 18:35:20 logger.go:67: Создана новая запись в time_dimension для даты 2025-02-03, ID: 427
DEBUG: 2025/05/10 18:35:20 logger.go:67: Создана новая запись в time_dimension для даты 2025-03-10, ID: 428
DEBUG: 2025/05/10 18:35:20 logger.go:67: Создана новая запись в time_dimension для даты 2025-01-03, ID: 429
DEBUG: 2025/05/10 18:35:20 logger.go:67: Создана новая запись в time_dimension для даты 2025-02-22, ID: 430
DEBUG: 2025/05/10 18:35:20 logger.go:67: Создана новая запись в time_dimension для даты 2025-03-15, ID: 431
DEBUG: 2025/05/10 18:35:20 logger.go:67: Создана новая запись в time_dimension для даты 2025-03-24, ID: 432
DEBUG: 2025/05/10 18:35:20 logger.go:67: Создана новая запись в time_dimension для даты 2025-03-01, ID: 433
DEBUG: 2025/05/10 18:35:20 logger.go:67: Создана новая запись в time_dimension для даты 2025-01-14, ID: 434
DEBUG: 2025/05/10 18:35:20 logger.go:67: Создана новая запись в time_dimension для даты 2025-02-05, ID: 435
DEBUG: 2025/05/10 18:35:20 logger.go:67: Создана новая запись в time_dimension для даты 2025-01-11, ID: 436
DEBUG: 2025/05/10 18:35:20 logger.go:67: Создана новая запись в time_dimension для даты 2025-02-12, ID: 437
DEBUG: 2025/05/10 18:35:20 logger.go:67: Создана новая запись в time_dimension для даты 2025-02-09, ID: 438
DEBUG: 2025/05/10 18:35:20 logger.go:67: Создана новая запись в time_dimension для даты 2025-03-19, ID: 439
DEBUG: 2025/05/10 18:35:20 logger.go:67: Создана новая запись в time_dimension для даты 2025-01-23, ID: 440
DEBUG: 2025/05/10 18:35:20 logger.go:67: Создана новая запись в time_dimension для даты 2025-01-22, ID: 441
DEBUG: 2025/05/10 18:35:20 logger.go:67: Создана новая запись в time_dimension для даты 2025-03-27, ID: 442
DEBUG: 2025/05/10 18:35:20 logger.go:67: Создана новая запись в time_dimension для даты 2025-01-19, ID: 443
DEBUG: 2025/05/10 18:35:20 logger.go:67: Создана новая запись в time_dimension для даты 2025-03-29, ID: 444
DEBUG: 2025/05/10 18:35:20 logger.go:67: Создана новая запись в time_dimension для даты 2025-01-21, ID: 445
DEBUG: 2025/05/10 18:35:20 logger.go:67: Создана новая запись в time_dimension для даты 2025-01-28, ID: 446
DEBUG: 2025/05/10 18:35:20 logger.go:67: Создана новая запись в time_dimension для даты 2025-03-30, ID: 447
DEBUG: 2025/05/10 18:35:20 logger.go:67: Создана новая запись в time_dimension для даты 2025-01-10, ID: 448
DEBUG: 2025/05/10 18:35:20 logger.go:67: Создана новая запись в time_dimension для даты 2025-02-07, ID: 449
DEBUG: 2025/05/10 18:35:20 logger.go:67: Создана новая запись в time_dimension для даты 2025-02-15, ID: 450
DEBUG: 2025/05/10 18:35:20 logger.go:67: Создана новая запись в time_dimension для даты 2025-02-14, ID: 451
DEBUG: 2025/05/10 18:35:20 logger.go:67: Создана новая запись в time_dimension для даты 2025-02-21, ID: 452
DEBUG: 2025/05/10 18:35:20 logger.go:67: Создана новая запись в time_dimension для даты 2025-02-23, ID: 453
DEBUG: 2025/05/10 18:35:20 logger.go:67: Создана новая запись в time_dimension для даты 2025-01-20, ID: 454
DEBUG: 2025/05/10 18:35:20 logger.go:67: Создана новая запись в time_dimension для даты 2025-03-23, ID: 455
DEBUG: 2025/05/10 18:35:20 logger.go:67: Создана новая запись в time_dimension для даты 2025-01-06, ID: 456
DEBUG: 2025/05/10 18:35:20 logger.go:67: Создана новая запись в time_dimension для даты 2025-03-28, ID: 457
DEBUG: 2025/05/10 18:35:20 logger.go:67: Создана новая запись в time_dimension для даты 2025-02-20, ID: 458
DEBUG: 2025/05/10 18:35:20 logger.go:67: Создана новая запись в time_dimension для даты 2025-01-26, ID: 459
DEBUG: 2025/05/10 18:35:20 logger.go:67: Создана новая запись в time_dimension для даты 2025-01-02, ID: 460
DEBUG: 2025/05/10 18:35:20 logger.go:67: Создана новая запись в time_dimension для даты 2025-03-06, ID: 461
DEBUG: 2025/05/10 18:35:20 logger.go:67: Создана новая запись в time_dimension для даты 2025-01-08, ID: 462
DEBUG: 2025/05/10 18:35:20 logger.go:67: Создана новая запись в time_dimension для даты 2025-01-07, ID: 463
DEBUG: 2025/05/10 18:35:20 logger.go:67: Создана новая запись в time_dimension для даты 2025-01-16, ID: 464
DEBUG: 2025/05/10 18:35:20 logger.go:67: Создана новая запись в time_dimension для даты 2025-02-19, ID: 465
DEBUG: 2025/05/10 18:35:20 logger.go:67: Создана новая запись в time_dimension для даты 2025-03-09, ID: 466
DEBUG: 2025/05/10 18:35:20 logger.go:67: Создана новая запись в time_dimension для даты 2025-01-12, ID: 467
DEBUG: 2025/05/10 18:35:20 logger.go:67: Создана новая запись в time_dimension для даты 2025-02-28, ID: 468
INFO: 2025/05/10 18:35:21 logger.go:45: Обработано фактов чатов: 1931
INFO: 2025/05/10 18:35:21 logger.go:45: Формирование ежедневных агрегатов активности...
DEBUG: 2025/05/10 18:35:21 logger.go:67: Обработка ежедневной активности...
ERROR: 2025/05/10 18:35:21 logger.go:54: Ошибка при получении последнего обработанного сообщения: sql: no rows in result set. Будут обработаны все данные.
INFO: 2025/05/10 18:35:21 logger.go:45: Начало обработки данных начиная с ID сообщения: 0
INFO: 2025/05/10 18:35:21 logger.go:45: Получено сообщений: 10473, данных о регистрациях: 0
DEBUG: 2025/05/10 18:35:21 logger.go:67: Создана новая запись в time_dimension для даты 2025-04-15, ID: 469
DEBUG: 2025/05/10 18:35:21 logger.go:67: Создана новая запись в time_dimension для даты 2025-04-19, ID: 470
DEBUG: 2025/05/10 18:35:21 logger.go:67: Создана новая запись в time_dimension для даты 2025-04-20, ID: 471
DEBUG: 2025/05/10 18:35:21 logger.go:67: Создана новая запись в time_dimension для даты 2025-04-21, ID: 472
DEBUG: 2025/05/10 18:35:21 logger.go:67: Создана новая запись в time_dimension для даты 2025-04-16, ID: 473
DEBUG: 2025/05/10 18:35:21 logger.go:67: Создана новая запись в time_dimension для даты 2025-04-18, ID: 474
DEBUG: 2025/05/10 18:35:21 logger.go:67: Создана новая запись в time_dimension для даты 2025-04-17, ID: 475
INFO: 2025/05/10 18:35:21 logger.go:45: Обработка ежедневной активности завершена. Сформировано фактов: 62
INFO: 2025/05/10 18:35:21 logger.go:45: Фаза Transform завершена. Длительность: 1.9704036s
INFO: 2025/05/10 18:35:21 logger.go:45: Начало фазы Load (Загрузка данных)
INFO: 2025/05/10 18:35:21 logger.go:45: Загрузка измерения пользователей...
INFO: 2025/05/10 18:35:21 logger.go:45: Начало загрузки данных пользователей (всего: 500)
DEBUG: 2025/05/10 18:35:21 logger.go:67: Загружено 100 из 500 пользователей...
DEBUG: 2025/05/10 18:35:21 logger.go:67: Загружено 200 из 500 пользователей...
DEBUG: 2025/05/10 18:35:21 logger.go:67: Загружено 300 из 500 пользователей...
DEBUG: 2025/05/10 18:35:21 logger.go:67: Загружено 400 из 500 пользователей...
DEBUG: 2025/05/10 18:35:21 logger.go:67: Загружено 500 из 500 пользователей...
INFO: 2025/05/10 18:35:21 logger.go:45: Загрузка данных пользователей завершена. Загружено записей: 500. Длительность: 90.5144ms
INFO: 2025/05/10 18:35:21 logger.go:45: Загрузка фактов сообщений...
INFO: 2025/05/10 18:35:21 logger.go:45: Начало загрузки фактов сообщений (всего: 1473)
DEBUG: 2025/05/10 18:35:21 logger.go:67: Загружено 100 из 1473 сообщений...
DEBUG: 2025/05/10 18:35:21 logger.go:67: Загружено 200 из 1473 сообщений...
DEBUG: 2025/05/10 18:35:21 logger.go:67: Загружено 300 из 1473 сообщений...
DEBUG: 2025/05/10 18:35:21 logger.go:67: Загружено 400 из 1473 сообщений...
DEBUG: 2025/05/10 18:35:21 logger.go:67: Загружено 500 из 1473 сообщений...
DEBUG: 2025/05/10 18:35:21 logger.go:67: Загружено 600 из 1473 сообщений...
DEBUG: 2025/05/10 18:35:21 logger.go:67: Загружено 700 из 1473 сообщений...
DEBUG: 2025/05/10 18:35:21 logger.go:67: Загружено 800 из 1473 сообщений...
DEBUG: 2025/05/10 18:35:21 logger.go:67: Загружено 900 из 1473 сообщений...
DEBUG: 2025/05/10 18:35:21 logger.go:67: Загружено 1000 из 1473 сообщений...
DEBUG: 2025/05/10 18:35:21 logger.go:67: Загружено 1100 из 1473 сообщений...
DEBUG: 2025/05/10 18:35:21 logger.go:67: Загружено 1200 из 1473 сообщений...
DEBUG: 2025/05/10 18:35:21 logger.go:67: Загружено 1300 из 1473 сообщений...
DEBUG: 2025/05/10 18:35:21 logger.go:67: Загружено 1400 из 1473 сообщений...
INFO: 2025/05/10 18:35:21 logger.go:45: Загрузка фактов сообщений завершена. Загружено записей: 1473. Длительность: 321.178ms
INFO: 2025/05/10 18:35:21 logger.go:45: Загрузка фактов чатов...
INFO: 2025/05/10 18:35:21 logger.go:45: Начало загрузки фактов чатов (всего: 1931)
DEBUG: 2025/05/10 18:35:21 logger.go:67: Загружено 50 из 1931 чатов...
DEBUG: 2025/05/10 18:35:21 logger.go:67: Загружено 100 из 1931 чатов...
DEBUG: 2025/05/10 18:35:21 logger.go:67: Загружено 150 из 1931 чатов...
DEBUG: 2025/05/10 18:35:21 logger.go:67: Загружено 200 из 1931 чатов...
DEBUG: 2025/05/10 18:35:21 logger.go:67: Загружено 250 из 1931 чатов...
DEBUG: 2025/05/10 18:35:21 logger.go:67: Загружено 300 из 1931 чатов...
DEBUG: 2025/05/10 18:35:21 logger.go:67: Загружено 350 из 1931 чатов...
DEBUG: 2025/05/10 18:35:21 logger.go:67: Загружено 400 из 1931 чатов...
DEBUG: 2025/05/10 18:35:21 logger.go:67: Загружено 450 из 1931 чатов...
DEBUG: 2025/05/10 18:35:21 logger.go:67: Загружено 500 из 1931 чатов...
DEBUG: 2025/05/10 18:35:21 logger.go:67: Загружено 550 из 1931 чатов...
DEBUG: 2025/05/10 18:35:21 logger.go:67: Загружено 600 из 1931 чатов...
DEBUG: 2025/05/10 18:35:21 logger.go:67: Загружено 650 из 1931 чатов...
DEBUG: 2025/05/10 18:35:21 logger.go:67: Загружено 700 из 1931 чатов...
DEBUG: 2025/05/10 18:35:21 logger.go:67: Загружено 750 из 1931 чатов...
DEBUG: 2025/05/10 18:35:21 logger.go:67: Загружено 800 из 1931 чатов...
DEBUG: 2025/05/10 18:35:21 logger.go:67: Загружено 850 из 1931 чатов...
DEBUG: 2025/05/10 18:35:21 logger.go:67: Загружено 900 из 1931 чатов...
DEBUG: 2025/05/10 18:35:21 logger.go:67: Загружено 950 из 1931 чатов...
DEBUG: 2025/05/10 18:35:21 logger.go:67: Загружено 1000 из 1931 чатов...
DEBUG: 2025/05/10 18:35:21 logger.go:67: Загружено 1050 из 1931 чатов...
DEBUG: 2025/05/10 18:35:21 logger.go:67: Загружено 1100 из 1931 чатов...
DEBUG: 2025/05/10 18:35:21 logger.go:67: Загружено 1150 из 1931 чатов...
DEBUG: 2025/05/10 18:35:21 logger.go:67: Загружено 1200 из 1931 чатов...
DEBUG: 2025/05/10 18:35:21 logger.go:67: Загружено 1250 из 1931 чатов...
DEBUG: 2025/05/10 18:35:21 logger.go:67: Загружено 1300 из 1931 чатов...
DEBUG: 2025/05/10 18:35:21 logger.go:67: Загружено 1350 из 1931 чатов...
DEBUG: 2025/05/10 18:35:21 logger.go:67: Загружено 1400 из 1931 чатов...
DEBUG: 2025/05/10 18:35:21 logger.go:67: Загружено 1450 из 1931 чатов...
DEBUG: 2025/05/10 18:35:21 logger.go:67: Загружено 1500 из 1931 чатов...
DEBUG: 2025/05/10 18:35:21 logger.go:67: Загружено 1550 из 1931 чатов...
DEBUG: 2025/05/10 18:35:21 logger.go:67: Загружено 1600 из 1931 чатов...
DEBUG: 2025/05/10 18:35:21 logger.go:67: Загружено 1650 из 1931 чатов...
DEBUG: 2025/05/10 18:35:21 logger.go:67: Загружено 1700 из 1931 чатов...
DEBUG: 2025/05/10 18:35:21 logger.go:67: Загружено 1750 из 1931 чатов...
DEBUG: 2025/05/10 18:35:21 logger.go:67: Загружено 1800 из 1931 чатов...
DEBUG: 2025/05/10 18:35:22 logger.go:67: Загружено 1850 из 1931 чатов...
DEBUG: 2025/05/10 18:35:22 logger.go:67: Загружено 1900 из 1931 чатов...
INFO: 2025/05/10 18:35:22 logger.go:45: Загрузка фактов чатов завершена. Загружено записей: 1931. Длительность: 424.4666ms
INFO: 2025/05/10 18:35:22 logger.go:45: Загрузка фактов ежедневной активности...
INFO: 2025/05/10 18:35:22 logger.go:45: Начало загрузки фактов ежедневной активности (всего: 62)
INFO: 2025/05/10 18:35:22 logger.go:45: Загрузка фактов ежедневной активности завершена. Загружено записей: 62. Длительность: 15.6167ms
INFO: 2025/05/10 18:35:22 logger.go:45: Фаза Load завершена. Длительность: 863.0418ms
INFO: 2025/05/10 18:35:22 logger.go:45: Запуск линейной регрессии для прогнозирования трендов активности
INFO: 2025/05/10 18:35:22 logger.go:45: Запуск процесса линейной регрессии для прогнозирования активности
INFO: 2025/05/10 18:35:22 logger.go:45: Получение данных о ежедневной активности за последние 30 дней
INFO: 2025/05/10 18:35:22 logger.go:45: Получено 31 точек данных для анализа
INFO: 2025/05/10 18:35:22 logger.go:45: Построение модели линейной регрессии (все значения округляются до тысячных)
INFO: 2025/05/10 18:35:22 logger.go:45: Результаты модели: коэффициент наклона (a)=1.827, сдвиг (b)=173.665, R=0.762, R²=0.581
INFO: 2025/05/10 18:35:22 logger.go:45: Период анализа: с 2025-05-03 по 2025-06-02
INFO: 2025/05/10 18:35:22 logger.go:45: Генерация прогнозов на 14 дней вперед от 2025-06-02
INFO: 2025/05/10 18:35:22 logger.go:45: Сохранение 14 прогнозов в базу данных
INFO: 2025/05/10 18:35:22 logger.go:45: Процесс линейной регрессии успешно завершен. Время выполнения: 12.1613ms
INFO: 2025/05/10 18:35:22 logger.go:45: Запуск ChatRank для определения влиятельности пользователей
INFO: 2025/05/10 18:35:22 logger.go:45: Запуск процесса ChatRank
INFO: 2025/05/10 18:35:22 logger.go:45: Извлечение данных для ChatRank
INFO: 2025/05/10 18:35:22 logger.go:45: Запрос данных для расчета ChatRank
INFO: 2025/05/10 18:35:23 logger.go:45: Получено 1262 записей о сообщениях для 458 отправителей
INFO: 2025/05/10 18:35:23 logger.go:45: Вычисление весов коммуникационных связей
INFO: 2025/05/10 18:35:23 logger.go:45: Вычисление весов коммуникационных связей
INFO: 2025/05/10 18:35:23 logger.go:45: Вычислено 1260 весов коммуникационных связей
INFO: 2025/05/10 18:35:23 logger.go:45: Веса коммуникационных связей вычислены за 2.3297ms
INFO: 2025/05/10 18:35:23 logger.go:45: Построение графа пользователей
INFO: 2025/05/10 18:35:23 logger.go:45: Граф пользователей построен за 0s
INFO: 2025/05/10 18:35:23 logger.go:45: Запуск алгоритма ChatRank
INFO: 2025/05/10 18:35:23 logger.go:45: Начинаем расчет ChatRank для 495 пользователей
DEBUG: 2025/05/10 18:35:23 logger.go:67: Итерация 1, максимальная дельта: 0.155611
DEBUG: 2025/05/10 18:35:23 logger.go:67: Итерация 2, максимальная дельта: 0.565564
DEBUG: 2025/05/10 18:35:23 logger.go:67: Итерация 3, максимальная дельта: 0.618933
DEBUG: 2025/05/10 18:35:23 logger.go:67: Итерация 4, максимальная дельта: 0.540104
DEBUG: 2025/05/10 18:35:23 logger.go:67: Итерация 5, максимальная дельта: 0.594129
DEBUG: 2025/05/10 18:35:23 logger.go:67: Итерация 6, максимальная дельта: 0.541026
DEBUG: 2025/05/10 18:35:23 logger.go:67: Итерация 7, максимальная дельта: 0.456540
DEBUG: 2025/05/10 18:35:23 logger.go:67: Итерация 8, максимальная дельта: 0.389057
DEBUG: 2025/05/10 18:35:23 logger.go:67: Итерация 9, максимальная дельта: 0.312238
DEBUG: 2025/05/10 18:35:23 logger.go:67: Итерация 10, максимальная дельта: 0.261185
DEBUG: 2025/05/10 18:35:23 logger.go:67: Итерация 11, максимальная дельта: 0.209302
DEBUG: 2025/05/10 18:35:23 logger.go:67: Итерация 12, максимальная дельта: 0.173182
DEBUG: 2025/05/10 18:35:23 logger.go:67: Итерация 13, максимальная дельта: 0.139136
DEBUG: 2025/05/10 18:35:23 logger.go:67: Итерация 14, максимальная дельта: 0.114205
DEBUG: 2025/05/10 18:35:23 logger.go:67: Итерация 15, максимальная дельта: 0.092269
DEBUG: 2025/05/10 18:35:23 logger.go:67: Итерация 16, максимальная дельта: 0.075436
DEBUG: 2025/05/10 18:35:23 logger.go:67: Итерация 17, максимальная дельта: 0.061177
DEBUG: 2025/05/10 18:35:23 logger.go:67: Итерация 18, максимальная дельта: 0.049910
DEBUG: 2025/05/10 18:35:23 logger.go:67: Итерация 19, максимальная дельта: 0.040567
DEBUG: 2025/05/10 18:35:23 logger.go:67: Итерация 20, максимальная дельта: 0.033064
DEBUG: 2025/05/10 18:35:23 logger.go:67: Итерация 21, максимальная дельта: 0.026907
DEBUG: 2025/05/10 18:35:23 logger.go:67: Итерация 22, максимальная дельта: 0.021923
DEBUG: 2025/05/10 18:35:23 logger.go:67: Итерация 23, максимальная дельта: 0.017853
DEBUG: 2025/05/10 18:35:23 logger.go:67: Итерация 24, максимальная дельта: 0.014545
DEBUG: 2025/05/10 18:35:23 logger.go:67: Итерация 25, максимальная дельта: 0.011849
DEBUG: 2025/05/10 18:35:23 logger.go:67: Итерация 26, максимальная дельта: 0.009654
DEBUG: 2025/05/10 18:35:23 logger.go:67: Итерация 27, максимальная дельта: 0.007867
DEBUG: 2025/05/10 18:35:23 logger.go:67: Итерация 28, максимальная дельта: 0.006409
DEBUG: 2025/05/10 18:35:23 logger.go:67: Итерация 29, максимальная дельта: 0.005224
DEBUG: 2025/05/10 18:35:23 logger.go:67: Итерация 30, максимальная дельта: 0.004256
DEBUG: 2025/05/10 18:35:23 logger.go:67: Итерация 31, максимальная дельта: 0.003469
DEBUG: 2025/05/10 18:35:23 logger.go:67: Итерация 32, максимальная дельта: 0.002827
DEBUG: 2025/05/10 18:35:23 logger.go:67: Итерация 33, максимальная дельта: 0.002304
DEBUG: 2025/05/10 18:35:23 logger.go:67: Итерация 34, максимальная дельта: 0.001878
DEBUG: 2025/05/10 18:35:23 logger.go:67: Итерация 35, максимальная дельта: 0.001530
DEBUG: 2025/05/10 18:35:23 logger.go:67: Итерация 36, максимальная дельта: 0.001247
DEBUG: 2025/05/10 18:35:23 logger.go:67: Итерация 37, максимальная дельта: 0.001017
DEBUG: 2025/05/10 18:35:23 logger.go:67: Итерация 38, максимальная дельта: 0.000828
DEBUG: 2025/05/10 18:35:23 logger.go:67: Итерация 39, максимальная дельта: 0.000675
DEBUG: 2025/05/10 18:35:23 logger.go:67: Итерация 40, максимальная дельта: 0.000550
DEBUG: 2025/05/10 18:35:23 logger.go:67: Итерация 41, максимальная дельта: 0.000449
DEBUG: 2025/05/10 18:35:23 logger.go:67: Итерация 42, максимальная дельта: 0.000366
DEBUG: 2025/05/10 18:35:23 logger.go:67: Итерация 43, максимальная дельта: 0.000298
DEBUG: 2025/05/10 18:35:23 logger.go:67: Итерация 44, максимальная дельта: 0.000243
DEBUG: 2025/05/10 18:35:23 logger.go:67: Итерация 45, максимальная дельта: 0.000198
DEBUG: 2025/05/10 18:35:23 logger.go:67: Итерация 46, максимальная дельта: 0.000161
DEBUG: 2025/05/10 18:35:23 logger.go:67: Итерация 47, максимальная дельта: 0.000131
DEBUG: 2025/05/10 18:35:23 logger.go:67: Итерация 48, максимальная дельта: 0.000107
DEBUG: 2025/05/10 18:35:23 logger.go:67: Итерация 49, максимальная дельта: 0.000087
INFO: 2025/05/10 18:35:23 logger.go:45: Сходимость достигнута на итерации 49, дельта: 0.000087
INFO: 2025/05/10 18:35:23 logger.go:45: Расчет ChatRank завершен за 49 итераций
INFO: 2025/05/10 18:35:23 logger.go:45: Алгоритм ChatRank выполнен за 13.7735ms
INFO: 2025/05/10 18:35:23 logger.go:45: Сохранение результатов
INFO: 2025/05/10 18:35:23 logger.go:45: Сохранено 495 рангов пользователей
INFO: 2025/05/10 18:35:23 logger.go:45: Сохранено 1260 весов коммуникационных связей
INFO: 2025/05/10 18:35:23 logger.go:45: Результаты сохранены за 381.4655ms
INFO: 2025/05/10 18:35:23 logger.go:45: ChatRank успешно выполнен. Общее время выполнения: 1.3590727s
INFO: 2025/05/10 18:35:23 logger.go:45: Процесс ChatRank успешно завершен. Время выполнения: 1.3596304s
INFO: 2025/05/10 18:35:23 logger.go:45: ETL процесс успешно завершен. Длительность: 4.2302738s
INFO: 2025/05/10 18:35:23 logger.go:45: Завершение работы ETL Runner
INFO: 2025/05/10 18:36:30 logger.go:45: Инициализация ETL Runner
INFO: 2025/05/10 18:36:30 logger.go:45: Запуск ETL процесса
INFO: 2025/05/10 18:36:30 logger.go:45: Последний успешный запуск: 2025-05-10 15:35:23 +0000 UTC, ID последнего сообщения: 1473
INFO: 2025/05/10 18:36:30 logger.go:45: Начало фазы Extract (Извлечение данных)
DEBUG: 2025/05/10 18:36:30 logger.go:67: Начало извлечения данных о пользователях
DEBUG: 2025/05/10 18:36:30 logger.go:67: Извлечено 0 пользователей
DEBUG: 2025/05/10 18:36:30 logger.go:67: Начало извлечения данных о чатах
DEBUG: 2025/05/10 18:36:30 logger.go:67: Извлечено 0 чатов
DEBUG: 2025/05/10 18:36:30 logger.go:67: Начало извлечения данных о сообщениях (lastMessageID: 1473)
DEBUG: 2025/05/10 18:36:30 logger.go:67: Извлечено 9000 сообщений
DEBUG: 2025/05/10 18:36:30 logger.go:67: Найдено 2423 отсутствующих чатов, связанных с сообщениями. Извлекаем дополнительно.
DEBUG: 2025/05/10 18:36:30 logger.go:67: Дополнительно извлечено 2423 чатов
INFO: 2025/05/10 18:36:30 logger.go:45: Фаза Extract завершена. Длительность: 42.2717ms
INFO: 2025/05/10 18:36:30 logger.go:45: Извлечено: 9000 сообщений, 0 пользователей, 2423 чатов
INFO: 2025/05/10 18:36:30 logger.go:45: Начало фазы Transform (Преобразование данных)
INFO: 2025/05/10 18:36:30 logger.go:45: Проверка измерения времени...
DEBUG: 2025/05/10 18:36:30 logger.go:67: Проверка измерения времени...
DEBUG: 2025/05/10 18:36:30 logger.go:67: Измерение времени содержит 475 записей
INFO: 2025/05/10 18:36:30 logger.go:45: Преобразование данных пользователей...
DEBUG: 2025/05/10 18:36:30 logger.go:67: Обработка измерения пользователей...
DEBUG: 2025/05/10 18:36:30 logger.go:67: Нет данных пользователей для обработки
INFO: 2025/05/10 18:36:30 logger.go:45: Преобразование данных сообщений...
DEBUG: 2025/05/10 18:36:30 logger.go:67: Обработка фактов сообщений...
INFO: 2025/05/10 18:36:30 logger.go:45: Обработано фактов сообщений: 9000
INFO: 2025/05/10 18:36:30 logger.go:45: Преобразование данных чатов...
DEBUG: 2025/05/10 18:36:30 logger.go:67: Обработка фактов чатов...
INFO: 2025/05/10 18:36:31 logger.go:45: Обработано фактов чатов: 2423
INFO: 2025/05/10 18:36:31 logger.go:45: Формирование ежедневных агрегатов активности...
DEBUG: 2025/05/10 18:36:31 logger.go:67: Обработка ежедневной активности...
INFO: 2025/05/10 18:36:31 logger.go:45: Начало обработки данных начиная с ID сообщения: 1473
INFO: 2025/05/10 18:36:31 logger.go:45: Получено сообщений: 9000, данных о регистрациях: 0
INFO: 2025/05/10 18:36:31 logger.go:45: Обработка ежедневной активности завершена. Сформировано фактов: 50
INFO: 2025/05/10 18:36:31 logger.go:45: Фаза Transform завершена. Длительность: 1.3002241s
INFO: 2025/05/10 18:36:31 logger.go:45: Начало фазы Load (Загрузка данных)
INFO: 2025/05/10 18:36:31 logger.go:45: Загрузка фактов сообщений...
INFO: 2025/05/10 18:36:31 logger.go:45: Начало загрузки фактов сообщений (всего: 9000)
DEBUG: 2025/05/10 18:36:31 logger.go:67: Загружено 100 из 9000 сообщений...
DEBUG: 2025/05/10 18:36:31 logger.go:67: Загружено 200 из 9000 сообщений...
DEBUG: 2025/05/10 18:36:31 logger.go:67: Загружено 300 из 9000 сообщений...
DEBUG: 2025/05/10 18:36:31 logger.go:67: Загружено 400 из 9000 сообщений...
DEBUG: 2025/05/10 18:36:31 logger.go:67: Загружено 500 из 9000 сообщений...
DEBUG: 2025/05/10 18:36:31 logger.go:67: Загружено 600 из 9000 сообщений...
DEBUG: 2025/05/10 18:36:31 logger.go:67: Загружено 700 из 9000 сообщений...
DEBUG: 2025/05/10 18:36:31 logger.go:67: Загружено 800 из 9000 сообщений...
DEBUG: 2025/05/10 18:36:31 logger.go:67: Загружено 900 из 9000 сообщений...
DEBUG: 2025/05/10 18:36:31 logger.go:67: Загружено 1000 из 9000 сообщений...
DEBUG: 2025/05/10 18:36:31 logger.go:67: Загружено 1100 из 9000 сообщений...
DEBUG: 2025/05/10 18:36:31 logger.go:67: Загружено 1200 из 9000 сообщений...
DEBUG: 2025/05/10 18:36:31 logger.go:67: Загружено 1300 из 9000 сообщений...
DEBUG: 2025/05/10 18:36:31 logger.go:67: Загружено 1400 из 9000 сообщений...
DEBUG: 2025/05/10 18:36:31 logger.go:67: Загружено 1500 из 9000 сообщений...
DEBUG: 2025/05/10 18:36:31 logger.go:67: Загружено 1600 из 9000 сообщений...
DEBUG: 2025/05/10 18:36:31 logger.go:67: Загружено 1700 из 9000 сообщений...
DEBUG: 2025/05/10 18:36:31 logger.go:67: Загружено 1800 из 9000 сообщений...
DEBUG: 2025/05/10 18:36:32 logger.go:67: Загружено 1900 из 9000 сообщений...
DEBUG: 2025/05/10 18:36:32 logger.go:67: Загружено 2000 из 9000 сообщений...
DEBUG: 2025/05/10 18:36:32 logger.go:67: Загружено 2100 из 9000 сообщений...
DEBUG: 2025/05/10 18:36:32 logger.go:67: Загружено 2200 из 9000 сообщений...
DEBUG: 2025/05/10 18:36:32 logger.go:67: Загружено 2300 из 9000 сообщений...
DEBUG: 2025/05/10 18:36:32 logger.go:67: Загружено 2400 из 9000 сообщений...
DEBUG: 2025/05/10 18:36:32 logger.go:67: Загружено 2500 из 9000 сообщений...
DEBUG: 2025/05/10 18:36:32 logger.go:67: Загружено 2600 из 9000 сообщений...
DEBUG: 2025/05/10 18:36:32 logger.go:67: Загружено 2700 из 9000 сообщений...
DEBUG: 2025/05/10 18:36:32 logger.go:67: Загружено 2800 из 9000 сообщений...
DEBUG: 2025/05/10 18:36:32 logger.go:67: Загружено 2900 из 9000 сообщений...
DEBUG: 2025/05/10 18:36:32 logger.go:67: Загружено 3000 из 9000 сообщений...
DEBUG: 2025/05/10 18:36:32 logger.go:67: Загружено 3100 из 9000 сообщений...
DEBUG: 2025/05/10 18:36:32 logger.go:67: Загружено 3200 из 9000 сообщений...
DEBUG: 2025/05/10 18:36:32 logger.go:67: Загружено 3300 из 9000 сообщений...
DEBUG: 2025/05/10 18:36:32 logger.go:67: Загружено 3400 из 9000 сообщений...
DEBUG: 2025/05/10 18:36:32 logger.go:67: Загружено 3500 из 9000 сообщений...
DEBUG: 2025/05/10 18:36:32 logger.go:67: Загружено 3600 из 9000 сообщений...
DEBUG: 2025/05/10 18:36:32 logger.go:67: Загружено 3700 из 9000 сообщений...
DEBUG: 2025/05/10 18:36:32 logger.go:67: Загружено 3800 из 9000 сообщений...
DEBUG: 2025/05/10 18:36:32 logger.go:67: Загружено 3900 из 9000 сообщений...
DEBUG: 2025/05/10 18:36:32 logger.go:67: Загружено 4000 из 9000 сообщений...
DEBUG: 2025/05/10 18:36:32 logger.go:67: Загружено 4100 из 9000 сообщений...
DEBUG: 2025/05/10 18:36:32 logger.go:67: Загружено 4200 из 9000 сообщений...
DEBUG: 2025/05/10 18:36:32 logger.go:67: Загружено 4300 из 9000 сообщений...
DEBUG: 2025/05/10 18:36:32 logger.go:67: Загружено 4400 из 9000 сообщений...
DEBUG: 2025/05/10 18:36:32 logger.go:67: Загружено 4500 из 9000 сообщений...
DEBUG: 2025/05/10 18:36:32 logger.go:67: Загружено 4600 из 9000 сообщений...
DEBUG: 2025/05/10 18:36:32 logger.go:67: Загружено 4700 из 9000 сообщений...
DEBUG: 2025/05/10 18:36:32 logger.go:67: Загружено 4800 из 9000 сообщений...
DEBUG: 2025/05/10 18:36:32 logger.go:67: Загружено 4900 из 9000 сообщений...
DEBUG: 2025/05/10 18:36:32 logger.go:67: Загружено 5000 из 9000 сообщений...
DEBUG: 2025/05/10 18:36:32 logger.go:67: Загружено 5100 из 9000 сообщений...
DEBUG: 2025/05/10 18:36:32 logger.go:67: Загружено 5200 из 9000 сообщений...
DEBUG: 2025/05/10 18:36:32 logger.go:67: Загружено 5300 из 9000 сообщений...
DEBUG: 2025/05/10 18:36:32 logger.go:67: Загружено 5400 из 9000 сообщений...
DEBUG: 2025/05/10 18:36:32 logger.go:67: Загружено 5500 из 9000 сообщений...
DEBUG: 2025/05/10 18:36:32 logger.go:67: Загружено 5600 из 9000 сообщений...
DEBUG: 2025/05/10 18:36:32 logger.go:67: Загружено 5700 из 9000 сообщений...
DEBUG: 2025/05/10 18:36:32 logger.go:67: Загружено 5800 из 9000 сообщений...
DEBUG: 2025/05/10 18:36:32 logger.go:67: Загружено 5900 из 9000 сообщений...
DEBUG: 2025/05/10 18:36:32 logger.go:67: Загружено 6000 из 9000 сообщений...
DEBUG: 2025/05/10 18:36:32 logger.go:67: Загружено 6100 из 9000 сообщений...
DEBUG: 2025/05/10 18:36:32 logger.go:67: Загружено 6200 из 9000 сообщений...
DEBUG: 2025/05/10 18:36:32 logger.go:67: Загружено 6300 из 9000 сообщений...
DEBUG: 2025/05/10 18:36:32 logger.go:67: Загружено 6400 из 9000 сообщений...
DEBUG: 2025/05/10 18:36:32 logger.go:67: Загружено 6500 из 9000 сообщений...
DEBUG: 2025/05/10 18:36:32 logger.go:67: Загружено 6600 из 9000 сообщений...
DEBUG: 2025/05/10 18:36:32 logger.go:67: Загружено 6700 из 9000 сообщений...
DEBUG: 2025/05/10 18:36:33 logger.go:67: Загружено 6800 из 9000 сообщений...
DEBUG: 2025/05/10 18:36:33 logger.go:67: Загружено 6900 из 9000 сообщений...
DEBUG: 2025/05/10 18:36:33 logger.go:67: Загружено 7000 из 9000 сообщений...
DEBUG: 2025/05/10 18:36:33 logger.go:67: Загружено 7100 из 9000 сообщений...
DEBUG: 2025/05/10 18:36:33 logger.go:67: Загружено 7200 из 9000 сообщений...
DEBUG: 2025/05/10 18:36:33 logger.go:67: Загружено 7300 из 9000 сообщений...
DEBUG: 2025/05/10 18:36:33 logger.go:67: Загружено 7400 из 9000 сообщений...
DEBUG: 2025/05/10 18:36:33 logger.go:67: Загружено 7500 из 9000 сообщений...
DEBUG: 2025/05/10 18:36:33 logger.go:67: Загружено 7600 из 9000 сообщений...
DEBUG: 2025/05/10 18:36:33 logger.go:67: Загружено 7700 из 9000 сообщений...
DEBUG: 2025/05/10 18:36:33 logger.go:67: Загружено 7800 из 9000 сообщений...
DEBUG: 2025/05/10 18:36:33 logger.go:67: Загружено 7900 из 9000 сообщений...
DEBUG: 2025/05/10 18:36:33 logger.go:67: Загружено 8000 из 9000 сообщений...
DEBUG: 2025/05/10 18:36:33 logger.go:67: Загружено 8100 из 9000 сообщений...
DEBUG: 2025/05/10 18:36:33 logger.go:67: Загружено 8200 из 9000 сообщений...
DEBUG: 2025/05/10 18:36:33 logger.go:67: Загружено 8300 из 9000 сообщений...
DEBUG: 2025/05/10 18:36:33 logger.go:67: Загружено 8400 из 9000 сообщений...
DEBUG: 2025/05/10 18:36:33 logger.go:67: Загружено 8500 из 9000 сообщений...
DEBUG: 2025/05/10 18:36:33 logger.go:67: Загружено 8600 из 9000 сообщений...
DEBUG: 2025/05/10 18:36:33 logger.go:67: Загружено 8700 из 9000 сообщений...
DEBUG: 2025/05/10 18:36:33 logger.go:67: Загружено 8800 из 9000 сообщений...
DEBUG: 2025/05/10 18:36:33 logger.go:67: Загружено 8900 из 9000 сообщений...
DEBUG: 2025/05/10 18:36:33 logger.go:67: Загружено 9000 из 9000 сообщений...
INFO: 2025/05/10 18:36:33 logger.go:45: Загрузка фактов сообщений завершена. Загружено записей: 9000. Длительность: 1.9002395s
INFO: 2025/05/10 18:36:33 logger.go:45: Загрузка фактов чатов...
INFO: 2025/05/10 18:36:33 logger.go:45: Начало загрузки фактов чатов (всего: 2423)
DEBUG: 2025/05/10 18:36:33 logger.go:67: Загружено 50 из 2423 чатов...
DEBUG: 2025/05/10 18:36:33 logger.go:67: Загружено 100 из 2423 чатов...
DEBUG: 2025/05/10 18:36:33 logger.go:67: Загружено 150 из 2423 чатов...
DEBUG: 2025/05/10 18:36:33 logger.go:67: Загружено 200 из 2423 чатов...
DEBUG: 2025/05/10 18:36:33 logger.go:67: Загружено 250 из 2423 чатов...
DEBUG: 2025/05/10 18:36:33 logger.go:67: Загружено 300 из 2423 чатов...
DEBUG: 2025/05/10 18:36:33 logger.go:67: Загружено 350 из 2423 чатов...
DEBUG: 2025/05/10 18:36:33 logger.go:67: Загружено 400 из 2423 чатов...
DEBUG: 2025/05/10 18:36:33 logger.go:67: Загружено 450 из 2423 чатов...
DEBUG: 2025/05/10 18:36:33 logger.go:67: Загружено 500 из 2423 чатов...
DEBUG: 2025/05/10 18:36:33 logger.go:67: Загружено 550 из 2423 чатов...
DEBUG: 2025/05/10 18:36:33 logger.go:67: Загружено 600 из 2423 чатов...
DEBUG: 2025/05/10 18:36:33 logger.go:67: Загружено 650 из 2423 чатов...
DEBUG: 2025/05/10 18:36:33 logger.go:67: Загружено 700 из 2423 чатов...
DEBUG: 2025/05/10 18:36:33 logger.go:67: Загружено 750 из 2423 чатов...
DEBUG: 2025/05/10 18:36:33 logger.go:67: Загружено 800 из 2423 чатов...
DEBUG: 2025/05/10 18:36:33 logger.go:67: Загружено 850 из 2423 чатов...
DEBUG: 2025/05/10 18:36:33 logger.go:67: Загружено 900 из 2423 чатов...
DEBUG: 2025/05/10 18:36:33 logger.go:67: Загружено 950 из 2423 чатов...
DEBUG: 2025/05/10 18:36:33 logger.go:67: Загружено 1000 из 2423 чатов...
DEBUG: 2025/05/10 18:36:33 logger.go:67: Загружено 1050 из 2423 чатов...
DEBUG: 2025/05/10 18:36:33 logger.go:67: Загружено 1100 из 2423 чатов...
DEBUG: 2025/05/10 18:36:33 logger.go:67: Загружено 1150 из 2423 чатов...
DEBUG: 2025/05/10 18:36:33 logger.go:67: Загружено 1200 из 2423 чатов...
DEBUG: 2025/05/10 18:36:33 logger.go:67: Загружено 1250 из 2423 чатов...
DEBUG: 2025/05/10 18:36:33 logger.go:67: Загружено 1300 из 2423 чатов...
DEBUG: 2025/05/10 18:36:33 logger.go:67: Загружено 1350 из 2423 чатов...
DEBUG: 2025/05/10 18:36:33 logger.go:67: Загружено 1400 из 2423 чатов...
DEBUG: 2025/05/10 18:36:33 logger.go:67: Загружено 1450 из 2423 чатов...
DEBUG: 2025/05/10 18:36:33 logger.go:67: Загружено 1500 из 2423 чатов...
DEBUG: 2025/05/10 18:36:33 logger.go:67: Загружено 1550 из 2423 чатов...
DEBUG: 2025/05/10 18:36:33 logger.go:67: Загружено 1600 из 2423 чатов...
DEBUG: 2025/05/10 18:36:33 logger.go:67: Загружено 1650 из 2423 чатов...
DEBUG: 2025/05/10 18:36:33 logger.go:67: Загружено 1700 из 2423 чатов...
DEBUG: 2025/05/10 18:36:34 logger.go:67: Загружено 1750 из 2423 чатов...
DEBUG: 2025/05/10 18:36:34 logger.go:67: Загружено 1800 из 2423 чатов...
DEBUG: 2025/05/10 18:36:34 logger.go:67: Загружено 1850 из 2423 чатов...
DEBUG: 2025/05/10 18:36:34 logger.go:67: Загружено 1900 из 2423 чатов...
DEBUG: 2025/05/10 18:36:34 logger.go:67: Загружено 1950 из 2423 чатов...
DEBUG: 2025/05/10 18:36:34 logger.go:67: Загружено 2000 из 2423 чатов...
DEBUG: 2025/05/10 18:36:34 logger.go:67: Загружено 2050 из 2423 чатов...
DEBUG: 2025/05/10 18:36:34 logger.go:67: Загружено 2100 из 2423 чатов...
DEBUG: 2025/05/10 18:36:34 logger.go:67: Загружено 2150 из 2423 чатов...
DEBUG: 2025/05/10 18:36:34 logger.go:67: Загружено 2200 из 2423 чатов...
DEBUG: 2025/05/10 18:36:34 logger.go:67: Загружено 2250 из 2423 чатов...
DEBUG: 2025/05/10 18:36:34 logger.go:67: Загружено 2300 из 2423 чатов...
DEBUG: 2025/05/10 18:36:34 logger.go:67: Загружено 2350 из 2423 чатов...
DEBUG: 2025/05/10 18:36:34 logger.go:67: Загружено 2400 из 2423 чатов...
INFO: 2025/05/10 18:36:34 logger.go:45: Загрузка фактов чатов завершена. Загружено записей: 2423. Длительность: 747.0922ms
INFO: 2025/05/10 18:36:34 logger.go:45: Загрузка фактов ежедневной активности...
INFO: 2025/05/10 18:36:34 logger.go:45: Начало загрузки фактов ежедневной активности (всего: 50)
INFO: 2025/05/10 18:36:34 logger.go:45: Загрузка фактов ежедневной активности завершена. Загружено записей: 50. Длительность: 10.1604ms
INFO: 2025/05/10 18:36:34 logger.go:45: Фаза Load завершена. Длительность: 2.6645654s
INFO: 2025/05/10 18:36:34 logger.go:45: Запуск линейной регрессии для прогнозирования трендов активности
INFO: 2025/05/10 18:36:34 logger.go:45: Запуск процесса линейной регрессии для прогнозирования активности
INFO: 2025/05/10 18:36:34 logger.go:45: Получение данных о ежедневной активности за последние 30 дней
INFO: 2025/05/10 18:36:34 logger.go:45: Получено 62 точек данных для анализа
INFO: 2025/05/10 18:36:34 logger.go:45: Построение модели линейной регрессии (все значения округляются до тысячных)
INFO: 2025/05/10 18:36:34 logger.go:45: Результаты модели: коэффициент наклона (a)=1.827, сдвиг (b)=173.665, R=0.762, R²=0.581
INFO: 2025/05/10 18:36:34 logger.go:45: Период анализа: с 2025-05-03 по 2025-06-02
INFO: 2025/05/10 18:36:34 logger.go:45: Генерация прогнозов на 14 дней вперед от 2025-06-02
INFO: 2025/05/10 18:36:34 logger.go:45: Сохранение 14 прогнозов в базу данных
INFO: 2025/05/10 18:36:34 logger.go:45: Процесс линейной регрессии успешно завершен. Время выполнения: 11.7178ms
INFO: 2025/05/10 18:36:34 logger.go:45: Запуск ChatRank для определения влиятельности пользователей
INFO: 2025/05/10 18:36:34 logger.go:45: Запуск процесса ChatRank
INFO: 2025/05/10 18:36:34 logger.go:45: Извлечение данных для ChatRank
INFO: 2025/05/10 18:36:34 logger.go:45: Запрос данных для расчета ChatRank
INFO: 2025/05/10 18:36:53 logger.go:45: Получено 4367 записей о сообщениях для 499 отправителей
INFO: 2025/05/10 18:36:53 logger.go:45: Вычисление весов коммуникационных связей
INFO: 2025/05/10 18:36:53 logger.go:45: Вычисление весов коммуникационных связей
INFO: 2025/05/10 18:36:53 logger.go:45: Вычислено 4342 весов коммуникационных связей
INFO: 2025/05/10 18:36:53 logger.go:45: Веса коммуникационных связей вычислены за 2.201ms
INFO: 2025/05/10 18:36:53 logger.go:45: Построение графа пользователей
INFO: 2025/05/10 18:36:53 logger.go:45: Граф пользователей построен за 548.6µs
INFO: 2025/05/10 18:36:53 logger.go:45: Запуск алгоритма ChatRank
INFO: 2025/05/10 18:36:53 logger.go:45: Начинаем расчет ChatRank для 500 пользователей
DEBUG: 2025/05/10 18:36:53 logger.go:67: Итерация 1, максимальная дельта: 0.151929
DEBUG: 2025/05/10 18:36:53 logger.go:67: Итерация 2, максимальная дельта: 0.293264
DEBUG: 2025/05/10 18:36:53 logger.go:67: Итерация 3, максимальная дельта: 0.230521
DEBUG: 2025/05/10 18:36:53 logger.go:67: Итерация 4, максимальная дельта: 0.213560
DEBUG: 2025/05/10 18:36:53 logger.go:67: Итерация 5, максимальная дельта: 0.178219
DEBUG: 2025/05/10 18:36:53 logger.go:67: Итерация 6, максимальная дельта: 0.154709
DEBUG: 2025/05/10 18:36:53 logger.go:67: Итерация 7, максимальная дельта: 0.130680
DEBUG: 2025/05/10 18:36:53 logger.go:67: Итерация 8, максимальная дельта: 0.111749
DEBUG: 2025/05/10 18:36:53 logger.go:67: Итерация 9, максимальная дельта: 0.094769
DEBUG: 2025/05/10 18:36:53 logger.go:67: Итерация 10, максимальная дельта: 0.080697
DEBUG: 2025/05/10 18:36:53 logger.go:67: Итерация 11, максимальная дельта: 0.068530
DEBUG: 2025/05/10 18:36:53 logger.go:67: Итерация 12, максимальная дельта: 0.058278
DEBUG: 2025/05/10 18:36:53 logger.go:67: Итерация 13, максимальная дельта: 0.049514
DEBUG: 2025/05/10 18:36:53 logger.go:67: Итерация 14, максимальная дельта: 0.042089
DEBUG: 2025/05/10 18:36:53 logger.go:67: Итерация 15, максимальная дельта: 0.035766
DEBUG: 2025/05/10 18:36:53 logger.go:67: Итерация 16, максимальная дельта: 0.030398
DEBUG: 2025/05/10 18:36:53 logger.go:67: Итерация 17, максимальная дельта: 0.025833
DEBUG: 2025/05/10 18:36:53 logger.go:67: Итерация 18, максимальная дельта: 0.021955
DEBUG: 2025/05/10 18:36:53 logger.go:67: Итерация 19, максимальная дельта: 0.018658
DEBUG: 2025/05/10 18:36:53 logger.go:67: Итерация 20, максимальная дельта: 0.015857
DEBUG: 2025/05/10 18:36:53 logger.go:67: Итерация 21, максимальная дельта: 0.013476
DEBUG: 2025/05/10 18:36:53 logger.go:67: Итерация 22, максимальная дельта: 0.011453
DEBUG: 2025/05/10 18:36:53 logger.go:67: Итерация 23, максимальная дельта: 0.009733
DEBUG: 2025/05/10 18:36:53 logger.go:67: Итерация 24, максимальная дельта: 0.008272
DEBUG: 2025/05/10 18:36:53 logger.go:67: Итерация 25, максимальная дельта: 0.007030
DEBUG: 2025/05/10 18:36:53 logger.go:67: Итерация 26, максимальная дельта: 0.005974
DEBUG: 2025/05/10 18:36:53 logger.go:67: Итерация 27, максимальная дельта: 0.005077
DEBUG: 2025/05/10 18:36:53 logger.go:67: Итерация 28, максимальная дельта: 0.004315
DEBUG: 2025/05/10 18:36:53 logger.go:67: Итерация 29, максимальная дельта: 0.003667
DEBUG: 2025/05/10 18:36:53 logger.go:67: Итерация 30, максимальная дельта: 0.003116
DEBUG: 2025/05/10 18:36:53 logger.go:67: Итерация 31, максимальная дельта: 0.002649
DEBUG: 2025/05/10 18:36:53 logger.go:67: Итерация 32, максимальная дельта: 0.002251
DEBUG: 2025/05/10 18:36:53 logger.go:67: Итерация 33, максимальная дельта: 0.001913
DEBUG: 2025/05/10 18:36:53 logger.go:67: Итерация 34, максимальная дельта: 0.001626
DEBUG: 2025/05/10 18:36:53 logger.go:67: Итерация 35, максимальная дельта: 0.001382
DEBUG: 2025/05/10 18:36:53 logger.go:67: Итерация 36, максимальная дельта: 0.001174
DEBUG: 2025/05/10 18:36:53 logger.go:67: Итерация 37, максимальная дельта: 0.000998
DEBUG: 2025/05/10 18:36:53 logger.go:67: Итерация 38, максимальная дельта: 0.000848
DEBUG: 2025/05/10 18:36:53 logger.go:67: Итерация 39, максимальная дельта: 0.000721
DEBUG: 2025/05/10 18:36:53 logger.go:67: Итерация 40, максимальная дельта: 0.000613
DEBUG: 2025/05/10 18:36:53 logger.go:67: Итерация 41, максимальная дельта: 0.000521
DEBUG: 2025/05/10 18:36:53 logger.go:67: Итерация 42, максимальная дельта: 0.000442
DEBUG: 2025/05/10 18:36:53 logger.go:67: Итерация 43, максимальная дельта: 0.000376
DEBUG: 2025/05/10 18:36:53 logger.go:67: Итерация 44, максимальная дельта: 0.000320
DEBUG: 2025/05/10 18:36:53 logger.go:67: Итерация 45, максимальная дельта: 0.000272
DEBUG: 2025/05/10 18:36:53 logger.go:67: Итерация 46, максимальная дельта: 0.000231
DEBUG: 2025/05/10 18:36:53 logger.go:67: Итерация 47, максимальная дельта: 0.000196
DEBUG: 2025/05/10 18:36:53 logger.go:67: Итерация 48, максимальная дельта: 0.000167
DEBUG: 2025/05/10 18:36:53 logger.go:67: Итерация 49, максимальная дельта: 0.000142
DEBUG: 2025/05/10 18:36:53 logger.go:67: Итерация 50, максимальная дельта: 0.000120
DEBUG: 2025/05/10 18:36:53 logger.go:67: Итерация 51, максимальная дельта: 0.000102
DEBUG: 2025/05/10 18:36:53 logger.go:67: Итерация 52, максимальная дельта: 0.000087
INFO: 2025/05/10 18:36:53 logger.go:45: Сходимость достигнута на итерации 52, дельта: 0.000087
INFO: 2025/05/10 18:36:53 logger.go:45: Расчет ChatRank завершен за 52 итераций
INFO: 2025/05/10 18:36:53 logger.go:45: Алгоритм ChatRank выполнен за 23.6179ms
INFO: 2025/05/10 18:36:53 logger.go:45: Сохранение результатов
INFO: 2025/05/10 18:36:53 logger.go:45: Сохранено 500 рангов пользователей
INFO: 2025/05/10 18:36:54 logger.go:45: Сохранено 4342 весов коммуникационных связей
INFO: 2025/05/10 18:36:54 logger.go:45: Результаты сохранены за 1.1769187s
INFO: 2025/05/10 18:36:54 logger.go:45: ChatRank успешно выполнен. Общее время выполнения: 20.0436318s
INFO: 2025/05/10 18:36:54 logger.go:45: Процесс ChatRank успешно завершен. Время выполнения: 20.0442845s
INFO: 2025/05/10 18:36:54 logger.go:45: ETL процесс успешно завершен. Длительность: 24.0744548s
INFO: 2025/05/10 18:36:54 logger.go:45: Завершение работы ETL Runner
INFO: 2025/05/10 18:43:31 logger.go:45: Инициализация ETL Runner
INFO: 2025/05/10 18:43:31 logger.go:45: Запуск ChatRank с параметрами: damping=0.85, iterations=100, epsilon=0.000100, веса=[0.25, 0.10, 0.30, 0.35]
INFO: 2025/05/10 18:43:31 logger.go:45: Запуск процесса ChatRank с пользовательской конфигурацией
INFO: 2025/05/10 18:43:31 logger.go:45: Извлечение данных для ChatRank
INFO: 2025/05/10 18:43:31 logger.go:45: Запрос данных для расчета ChatRank
INFO: 2025/05/10 18:43:50 logger.go:45: Получено 4367 записей о сообщениях для 499 отправителей
INFO: 2025/05/10 18:43:50 logger.go:45: Вычисление весов коммуникационных связей
INFO: 2025/05/10 18:43:50 logger.go:45: Вычисление весов коммуникационных связей
INFO: 2025/05/10 18:43:50 logger.go:45: Вычислено 4342 весов коммуникационных связей
INFO: 2025/05/10 18:43:50 logger.go:45: Веса коммуникационных связей вычислены за 1.2209ms
INFO: 2025/05/10 18:43:50 logger.go:45: Построение графа пользователей
INFO: 2025/05/10 18:43:50 logger.go:45: Граф пользователей построен за 1.0619ms
INFO: 2025/05/10 18:43:50 logger.go:45: Запуск алгоритма ChatRank
INFO: 2025/05/10 18:43:50 logger.go:45: Начинаем расчет ChatRank для 500 пользователей
DEBUG: 2025/05/10 18:43:50 logger.go:67: Итерация 1, максимальная дельта: 0.151929
DEBUG: 2025/05/10 18:43:50 logger.go:67: Итерация 2, максимальная дельта: 0.293264
DEBUG: 2025/05/10 18:43:50 logger.go:67: Итерация 3, максимальная дельта: 0.230521
DEBUG: 2025/05/10 18:43:50 logger.go:67: Итерация 4, максимальная дельта: 0.213560
DEBUG: 2025/05/10 18:43:50 logger.go:67: Итерация 5, максимальная дельта: 0.178219
DEBUG: 2025/05/10 18:43:50 logger.go:67: Итерация 6, максимальная дельта: 0.154709
DEBUG: 2025/05/10 18:43:50 logger.go:67: Итерация 7, максимальная дельта: 0.130680
DEBUG: 2025/05/10 18:43:50 logger.go:67: Итерация 8, максимальная дельта: 0.111749
DEBUG: 2025/05/10 18:43:50 logger.go:67: Итерация 9, максимальная дельта: 0.094769
DEBUG: 2025/05/10 18:43:50 logger.go:67: Итерация 10, максимальная дельта: 0.080697
DEBUG: 2025/05/10 18:43:50 logger.go:67: Итерация 11, максимальная дельта: 0.068530
DEBUG: 2025/05/10 18:43:50 logger.go:67: Итерация 12, максимальная дельта: 0.058278
DEBUG: 2025/05/10 18:43:50 logger.go:67: Итерация 13, максимальная дельта: 0.049514
DEBUG: 2025/05/10 18:43:50 logger.go:67: Итерация 14, максимальная дельта: 0.042089
DEBUG: 2025/05/10 18:43:50 logger.go:67: Итерация 15, максимальная дельта: 0.035766
DEBUG: 2025/05/10 18:43:50 logger.go:67: Итерация 16, максимальная дельта: 0.030398
DEBUG: 2025/05/10 18:43:50 logger.go:67: Итерация 17, максимальная дельта: 0.025833
DEBUG: 2025/05/10 18:43:50 logger.go:67: Итерация 18, максимальная дельта: 0.021955
DEBUG: 2025/05/10 18:43:50 logger.go:67: Итерация 19, максимальная дельта: 0.018658
DEBUG: 2025/05/10 18:43:50 logger.go:67: Итерация 20, максимальная дельта: 0.015857
DEBUG: 2025/05/10 18:43:50 logger.go:67: Итерация 21, максимальная дельта: 0.013476
DEBUG: 2025/05/10 18:43:50 logger.go:67: Итерация 22, максимальная дельта: 0.011453
DEBUG: 2025/05/10 18:43:50 logger.go:67: Итерация 23, максимальная дельта: 0.009733
DEBUG: 2025/05/10 18:43:50 logger.go:67: Итерация 24, максимальная дельта: 0.008272
DEBUG: 2025/05/10 18:43:50 logger.go:67: Итерация 25, максимальная дельта: 0.007030
DEBUG: 2025/05/10 18:43:50 logger.go:67: Итерация 26, максимальная дельта: 0.005974
DEBUG: 2025/05/10 18:43:50 logger.go:67: Итерация 27, максимальная дельта: 0.005077
DEBUG: 2025/05/10 18:43:50 logger.go:67: Итерация 28, максимальная дельта: 0.004315
DEBUG: 2025/05/10 18:43:50 logger.go:67: Итерация 29, максимальная дельта: 0.003667
DEBUG: 2025/05/10 18:43:50 logger.go:67: Итерация 30, максимальная дельта: 0.003116
DEBUG: 2025/05/10 18:43:50 logger.go:67: Итерация 31, максимальная дельта: 0.002649
DEBUG: 2025/05/10 18:43:50 logger.go:67: Итерация 32, максимальная дельта: 0.002251
DEBUG: 2025/05/10 18:43:50 logger.go:67: Итерация 33, максимальная дельта: 0.001913
DEBUG: 2025/05/10 18:43:50 logger.go:67: Итерация 34, максимальная дельта: 0.001626
DEBUG: 2025/05/10 18:43:50 logger.go:67: Итерация 35, максимальная дельта: 0.001382
DEBUG: 2025/05/10 18:43:50 logger.go:67: Итерация 36, максимальная дельта: 0.001174
DEBUG: 2025/05/10 18:43:50 logger.go:67: Итерация 37, максимальная дельта: 0.000998
DEBUG: 2025/05/10 18:43:50 logger.go:67: Итерация 38, максимальная дельта: 0.000848
DEBUG: 2025/05/10 18:43:50 logger.go:67: Итерация 39, максимальная дельта: 0.000721
DEBUG: 2025/05/10 18:43:50 logger.go:67: Итерация 40, максимальная дельта: 0.000613
DEBUG: 2025/05/10 18:43:50 logger.go:67: Итерация 41, максимальная дельта: 0.000521
DEBUG: 2025/05/10 18:43:50 logger.go:67: Итерация 42, максимальная дельта: 0.000442
DEBUG: 2025/05/10 18:43:50 logger.go:67: Итерация 43, максимальная дельта: 0.000376
DEBUG: 2025/05/10 18:43:50 logger.go:67: Итерация 44, максимальная дельта: 0.000320
DEBUG: 2025/05/10 18:43:50 logger.go:67: Итерация 45, максимальная дельта: 0.000272
DEBUG: 2025/05/10 18:43:50 logger.go:67: Итерация 46, максимальная дельта: 0.000231
DEBUG: 2025/05/10 18:43:50 logger.go:67: Итерация 47, максимальная дельта: 0.000196
DEBUG: 2025/05/10 18:43:50 logger.go:67: Итерация 48, максимальная дельта: 0.000167
DEBUG: 2025/05/10 18:43:50 logger.go:67: Итерация 49, максимальная дельта: 0.000142
DEBUG: 2025/05/10 18:43:50 logger.go:67: Итерация 50, максимальная дельта: 0.000120
DEBUG: 2025/05/10 18:43:50 logger.go:67: Итерация 51, максимальная дельта: 0.000102
DEBUG: 2025/05/10 18:43:50 logger.go:67: Итерация 52, максимальная дельта: 0.000087
INFO: 2025/05/10 18:43:50 logger.go:45: Сходимость достигнута на итерации 52, дельта: 0.000087
INFO: 2025/05/10 18:43:50 logger.go:45: Расчет ChatRank завершен за 52 итераций
INFO: 2025/05/10 18:43:50 logger.go:45: Алгоритм ChatRank выполнен за 17.7383ms
INFO: 2025/05/10 18:43:50 logger.go:45: Сохранение результатов
INFO: 2025/05/10 18:43:51 logger.go:45: Сохранено 500 рангов пользователей
INFO: 2025/05/10 18:43:51 logger.go:45: Сохранено 4342 весов коммуникационных связей
INFO: 2025/05/10 18:43:51 logger.go:45: Результаты сохранены за 867.9132ms
INFO: 2025/05/10 18:43:51 logger.go:45: ChatRank успешно выполнен. Общее время выполнения: 20.0403472s
INFO: 2025/05/10 18:43:51 logger.go:45: Процесс ChatRank с пользовательской конфигурацией успешно завершен. Время выполнения: 20.0403472s
INFO: 2025/05/10 18:43:51 logger.go:45: Завершение работы ETL Runner
